CRITICAL - 2025-11-20 05:17:34 --> Error: Class "App\Controllers\UserModel" not found
[Method: GET, Route: /]
in APPPATH\Controllers\Careers.php on line 12.
 1 SYSTEMPATH\CodeIgniter.php(933): App\Controllers\Careers->index()
 2 SYSTEMPATH\CodeIgniter.php(507): CodeIgniter\CodeIgniter->runController(Object(App\Controllers\Careers))
 3 SYSTEMPATH\CodeIgniter.php(354): CodeIgniter\CodeIgniter->handleRequest(null, Object(Config\Cache), false)
 4 SYSTEMPATH\Boot.php(363): CodeIgniter\CodeIgniter->run()
 5 SYSTEMPATH\Boot.php(68): CodeIgniter\Boot::runCodeIgniter(Object(CodeIgniter\CodeIgniter))
 6 FCPATH\index.php(59): CodeIgniter\Boot::bootWeb(Object(Config\Paths))
CRITICAL - 2025-11-20 05:19:14 --> Error: Class "App\Controllers\UserModel" not found
[Method: GET, Route: /]
in APPPATH\Controllers\Careers.php on line 12.
 1 SYSTEMPATH\CodeIgniter.php(933): App\Controllers\Careers->index()
 2 SYSTEMPATH\CodeIgniter.php(507): CodeIgniter\CodeIgniter->runController(Object(App\Controllers\Careers))
 3 SYSTEMPATH\CodeIgniter.php(354): CodeIgniter\CodeIgniter->handleRequest(null, Object(Config\Cache), false)
 4 SYSTEMPATH\Boot.php(363): CodeIgniter\CodeIgniter->run()
 5 SYSTEMPATH\Boot.php(68): CodeIgniter\Boot::runCodeIgniter(Object(CodeIgniter\CodeIgniter))
 6 FCPATH\index.php(59): CodeIgniter\Boot::bootWeb(Object(Config\Paths))
CRITICAL - 2025-11-20 05:19:15 --> Error: Class "App\Controllers\UserModel" not found
[Method: GET, Route: /]
in APPPATH\Controllers\Careers.php on line 12.
 1 SYSTEMPATH\CodeIgniter.php(933): App\Controllers\Careers->index()
 2 SYSTEMPATH\CodeIgniter.php(507): CodeIgniter\CodeIgniter->runController(Object(App\Controllers\Careers))
 3 SYSTEMPATH\CodeIgniter.php(354): CodeIgniter\CodeIgniter->handleRequest(null, Object(Config\Cache), false)
 4 SYSTEMPATH\Boot.php(363): CodeIgniter\CodeIgniter->run()
 5 SYSTEMPATH\Boot.php(68): CodeIgniter\Boot::runCodeIgniter(Object(CodeIgniter\CodeIgniter))
 6 FCPATH\index.php(59): CodeIgniter\Boot::bootWeb(Object(Config\Paths))
CRITICAL - 2025-11-20 05:22:21 --> Error: Class "App\Controllers\UserModel" not found
[Method: GET, Route: /]
in APPPATH\Controllers\Careers.php on line 12.
 1 SYSTEMPATH\CodeIgniter.php(933): App\Controllers\Careers->index()
 2 SYSTEMPATH\CodeIgniter.php(507): CodeIgniter\CodeIgniter->runController(Object(App\Controllers\Careers))
 3 SYSTEMPATH\CodeIgniter.php(354): CodeIgniter\CodeIgniter->handleRequest(null, Object(Config\Cache), false)
 4 SYSTEMPATH\Boot.php(363): CodeIgniter\CodeIgniter->run()
 5 SYSTEMPATH\Boot.php(68): CodeIgniter\Boot::runCodeIgniter(Object(CodeIgniter\CodeIgniter))
 6 FCPATH\index.php(59): CodeIgniter\Boot::bootWeb(Object(Config\Paths))
CRITICAL - 2025-11-20 05:22:27 --> Error: Class "App\Controllers\UserModel" not found
[Method: GET, Route: /]
in APPPATH\Controllers\Careers.php on line 12.
 1 SYSTEMPATH\CodeIgniter.php(933): App\Controllers\Careers->index()
 2 SYSTEMPATH\CodeIgniter.php(507): CodeIgniter\CodeIgniter->runController(Object(App\Controllers\Careers))
 3 SYSTEMPATH\CodeIgniter.php(354): CodeIgniter\CodeIgniter->handleRequest(null, Object(Config\Cache), false)
 4 SYSTEMPATH\Boot.php(363): CodeIgniter\CodeIgniter->run()
 5 SYSTEMPATH\Boot.php(68): CodeIgniter\Boot::runCodeIgniter(Object(CodeIgniter\CodeIgniter))
 6 FCPATH\index.php(59): CodeIgniter\Boot::bootWeb(Object(Config\Paths))
CRITICAL - 2025-11-20 05:22:27 --> Error: Class "App\Controllers\UserModel" not found
[Method: GET, Route: /]
in APPPATH\Controllers\Careers.php on line 12.
 1 SYSTEMPATH\CodeIgniter.php(933): App\Controllers\Careers->index()
 2 SYSTEMPATH\CodeIgniter.php(507): CodeIgniter\CodeIgniter->runController(Object(App\Controllers\Careers))
 3 SYSTEMPATH\CodeIgniter.php(354): CodeIgniter\CodeIgniter->handleRequest(null, Object(Config\Cache), false)
 4 SYSTEMPATH\Boot.php(363): CodeIgniter\CodeIgniter->run()
 5 SYSTEMPATH\Boot.php(68): CodeIgniter\Boot::runCodeIgniter(Object(CodeIgniter\CodeIgniter))
 6 FCPATH\index.php(59): CodeIgniter\Boot::bootWeb(Object(Config\Paths))
CRITICAL - 2025-11-20 05:49:09 --> ErrorException: Undefined variable $careers
[Method: GET, Route: users/create]
in APPPATH\Views\users\create.php on line 16.
 1 APPPATH\Views\users\create.php(16): CodeIgniter\Debug\Exceptions->errorHandler(2, 'Undefined variable $careers', 'C:\\xampp\\htdocs\\ISW-613\\framework\\codeigniter4-framework-v4.6.3-0-g68d1a58\\codeigniter4-framework-68d1a58\\app\\Views\\users\\create.php', 16)
 2 SYSTEMPATH\View\View.php(226): include('C:\\xampp\\htdocs\\ISW-613\\framework\\codeigniter4-framework-v4.6.3-0-g68d1a58\\codeigniter4-framework-68d1a58\\app\\Views\\users\\create.php')
 3 SYSTEMPATH\View\View.php(229): CodeIgniter\View\View->CodeIgniter\View\{closure}()
 4 SYSTEMPATH\Common.php(1167): CodeIgniter\View\View->render('users/create', [], true)
 5 APPPATH\Controllers\User.php(18): view('users/create')
 6 SYSTEMPATH\CodeIgniter.php(933): App\Controllers\User->create()
 7 SYSTEMPATH\CodeIgniter.php(507): CodeIgniter\CodeIgniter->runController(Object(App\Controllers\User))
 8 SYSTEMPATH\CodeIgniter.php(354): CodeIgniter\CodeIgniter->handleRequest(null, Object(Config\Cache), false)
 9 SYSTEMPATH\Boot.php(363): CodeIgniter\CodeIgniter->run()
10 SYSTEMPATH\Boot.php(68): CodeIgniter\Boot::runCodeIgniter(Object(CodeIgniter\CodeIgniter))
11 FCPATH\index.php(59): CodeIgniter\Boot::bootWeb(Object(Config\Paths))
CRITICAL - 2025-11-20 06:42:54 --> ErrorException: Undefined variable $careers
[Method: GET, Route: users/create]
in APPPATH\Views\users\create.php on line 16.
 1 APPPATH\Views\users\create.php(16): CodeIgniter\Debug\Exceptions->errorHandler(2, 'Undefined variable $careers', 'C:\\xampp\\htdocs\\ISW-613\\framework\\codeigniter4-framework-v4.6.3-0-g68d1a58\\codeigniter4-framework-68d1a58\\app\\Views\\users\\create.php', 16)
 2 SYSTEMPATH\View\View.php(226): include('C:\\xampp\\htdocs\\ISW-613\\framework\\codeigniter4-framework-v4.6.3-0-g68d1a58\\codeigniter4-framework-68d1a58\\app\\Views\\users\\create.php')
 3 SYSTEMPATH\View\View.php(229): CodeIgniter\View\View->CodeIgniter\View\{closure}()
 4 SYSTEMPATH\Common.php(1167): CodeIgniter\View\View->render('users/create', [], true)
 5 APPPATH\Controllers\User.php(18): view('users/create')
 6 SYSTEMPATH\CodeIgniter.php(933): App\Controllers\User->create()
 7 SYSTEMPATH\CodeIgniter.php(507): CodeIgniter\CodeIgniter->runController(Object(App\Controllers\User))
 8 SYSTEMPATH\CodeIgniter.php(354): CodeIgniter\CodeIgniter->handleRequest(null, Object(Config\Cache), false)
 9 SYSTEMPATH\Boot.php(363): CodeIgniter\CodeIgniter->run()
10 SYSTEMPATH\Boot.php(68): CodeIgniter\Boot::runCodeIgniter(Object(CodeIgniter\CodeIgniter))
11 FCPATH\index.php(59): CodeIgniter\Boot::bootWeb(Object(Config\Paths))
CRITICAL - 2025-11-20 06:43:20 --> ErrorException: Undefined variable $careers
[Method: GET, Route: users/create]
in APPPATH\Views\users\create.php on line 16.
 1 APPPATH\Views\users\create.php(16): CodeIgniter\Debug\Exceptions->errorHandler(2, 'Undefined variable $careers', 'C:\\xampp\\htdocs\\ISW-613\\framework\\codeigniter4-framework-v4.6.3-0-g68d1a58\\codeigniter4-framework-68d1a58\\app\\Views\\users\\create.php', 16)
 2 SYSTEMPATH\View\View.php(226): include('C:\\xampp\\htdocs\\ISW-613\\framework\\codeigniter4-framework-v4.6.3-0-g68d1a58\\codeigniter4-framework-68d1a58\\app\\Views\\users\\create.php')
 3 SYSTEMPATH\View\View.php(229): CodeIgniter\View\View->CodeIgniter\View\{closure}()
 4 SYSTEMPATH\Common.php(1167): CodeIgniter\View\View->render('users/create', [], true)
 5 APPPATH\Controllers\User.php(18): view('users/create')
 6 SYSTEMPATH\CodeIgniter.php(933): App\Controllers\User->create()
 7 SYSTEMPATH\CodeIgniter.php(507): CodeIgniter\CodeIgniter->runController(Object(App\Controllers\User))
 8 SYSTEMPATH\CodeIgniter.php(354): CodeIgniter\CodeIgniter->handleRequest(null, Object(Config\Cache), false)
 9 SYSTEMPATH\Boot.php(363): CodeIgniter\CodeIgniter->run()
10 SYSTEMPATH\Boot.php(68): CodeIgniter\Boot::runCodeIgniter(Object(CodeIgniter\CodeIgniter))
11 FCPATH\index.php(59): CodeIgniter\Boot::bootWeb(Object(Config\Paths))
CRITICAL - 2025-11-20 06:43:22 --> ErrorException: Undefined variable $careers
[Method: GET, Route: users/create]
in APPPATH\Views\users\create.php on line 16.
 1 APPPATH\Views\users\create.php(16): CodeIgniter\Debug\Exceptions->errorHandler(2, 'Undefined variable $careers', 'C:\\xampp\\htdocs\\ISW-613\\framework\\codeigniter4-framework-v4.6.3-0-g68d1a58\\codeigniter4-framework-68d1a58\\app\\Views\\users\\create.php', 16)
 2 SYSTEMPATH\View\View.php(226): include('C:\\xampp\\htdocs\\ISW-613\\framework\\codeigniter4-framework-v4.6.3-0-g68d1a58\\codeigniter4-framework-68d1a58\\app\\Views\\users\\create.php')
 3 SYSTEMPATH\View\View.php(229): CodeIgniter\View\View->CodeIgniter\View\{closure}()
 4 SYSTEMPATH\Common.php(1167): CodeIgniter\View\View->render('users/create', [], true)
 5 APPPATH\Controllers\User.php(18): view('users/create')
 6 SYSTEMPATH\CodeIgniter.php(933): App\Controllers\User->create()
 7 SYSTEMPATH\CodeIgniter.php(507): CodeIgniter\CodeIgniter->runController(Object(App\Controllers\User))
 8 SYSTEMPATH\CodeIgniter.php(354): CodeIgniter\CodeIgniter->handleRequest(null, Object(Config\Cache), false)
 9 SYSTEMPATH\Boot.php(363): CodeIgniter\CodeIgniter->run()
10 SYSTEMPATH\Boot.php(68): CodeIgniter\Boot::runCodeIgniter(Object(CodeIgniter\CodeIgniter))
11 FCPATH\index.php(59): CodeIgniter\Boot::bootWeb(Object(Config\Paths))
CRITICAL - 2025-11-20 06:43:25 --> ErrorException: Undefined variable $careers
[Method: GET, Route: users/create]
in APPPATH\Views\users\create.php on line 16.
 1 APPPATH\Views\users\create.php(16): CodeIgniter\Debug\Exceptions->errorHandler(2, 'Undefined variable $careers', 'C:\\xampp\\htdocs\\ISW-613\\framework\\codeigniter4-framework-v4.6.3-0-g68d1a58\\codeigniter4-framework-68d1a58\\app\\Views\\users\\create.php', 16)
 2 SYSTEMPATH\View\View.php(226): include('C:\\xampp\\htdocs\\ISW-613\\framework\\codeigniter4-framework-v4.6.3-0-g68d1a58\\codeigniter4-framework-68d1a58\\app\\Views\\users\\create.php')
 3 SYSTEMPATH\View\View.php(229): CodeIgniter\View\View->CodeIgniter\View\{closure}()
 4 SYSTEMPATH\Common.php(1167): CodeIgniter\View\View->render('users/create', [], true)
 5 APPPATH\Controllers\User.php(18): view('users/create')
 6 SYSTEMPATH\CodeIgniter.php(933): App\Controllers\User->create()
 7 SYSTEMPATH\CodeIgniter.php(507): CodeIgniter\CodeIgniter->runController(Object(App\Controllers\User))
 8 SYSTEMPATH\CodeIgniter.php(354): CodeIgniter\CodeIgniter->handleRequest(null, Object(Config\Cache), false)
 9 SYSTEMPATH\Boot.php(363): CodeIgniter\CodeIgniter->run()
10 SYSTEMPATH\Boot.php(68): CodeIgniter\Boot::runCodeIgniter(Object(CodeIgniter\CodeIgniter))
11 FCPATH\index.php(59): CodeIgniter\Boot::bootWeb(Object(Config\Paths))
CRITICAL - 2025-11-20 06:44:41 --> ErrorException: Undefined variable $careers
[Method: GET, Route: users/create]
in APPPATH\Views\users\create.php on line 16.
 1 APPPATH\Views\users\create.php(16): CodeIgniter\Debug\Exceptions->errorHandler(2, 'Undefined variable $careers', 'C:\\xampp\\htdocs\\ISW-613\\framework\\codeigniter4-framework-v4.6.3-0-g68d1a58\\codeigniter4-framework-68d1a58\\app\\Views\\users\\create.php', 16)
 2 SYSTEMPATH\View\View.php(226): include('C:\\xampp\\htdocs\\ISW-613\\framework\\codeigniter4-framework-v4.6.3-0-g68d1a58\\codeigniter4-framework-68d1a58\\app\\Views\\users\\create.php')
 3 SYSTEMPATH\View\View.php(229): CodeIgniter\View\View->CodeIgniter\View\{closure}()
 4 SYSTEMPATH\Common.php(1167): CodeIgniter\View\View->render('users/create', [], true)
 5 APPPATH\Controllers\User.php(18): view('users/create')
 6 SYSTEMPATH\CodeIgniter.php(933): App\Controllers\User->create()
 7 SYSTEMPATH\CodeIgniter.php(507): CodeIgniter\CodeIgniter->runController(Object(App\Controllers\User))
 8 SYSTEMPATH\CodeIgniter.php(354): CodeIgniter\CodeIgniter->handleRequest(null, Object(Config\Cache), false)
 9 SYSTEMPATH\Boot.php(363): CodeIgniter\CodeIgniter->run()
10 SYSTEMPATH\Boot.php(68): CodeIgniter\Boot::runCodeIgniter(Object(CodeIgniter\CodeIgniter))
11 FCPATH\index.php(59): CodeIgniter\Boot::bootWeb(Object(Config\Paths))
CRITICAL - 2025-11-20 06:45:45 --> ErrorException: Undefined variable $careers
[Method: GET, Route: users/create]
in APPPATH\Views\users\create.php on line 16.
 1 APPPATH\Views\users\create.php(16): CodeIgniter\Debug\Exceptions->errorHandler(2, 'Undefined variable $careers', 'C:\\xampp\\htdocs\\ISW-613\\framework\\codeigniter4-framework-v4.6.3-0-g68d1a58\\codeigniter4-framework-68d1a58\\app\\Views\\users\\create.php', 16)
 2 SYSTEMPATH\View\View.php(226): include('C:\\xampp\\htdocs\\ISW-613\\framework\\codeigniter4-framework-v4.6.3-0-g68d1a58\\codeigniter4-framework-68d1a58\\app\\Views\\users\\create.php')
 3 SYSTEMPATH\View\View.php(229): CodeIgniter\View\View->CodeIgniter\View\{closure}()
 4 SYSTEMPATH\Common.php(1167): CodeIgniter\View\View->render('users/create', [], true)
 5 APPPATH\Controllers\User.php(18): view('users/create')
 6 SYSTEMPATH\CodeIgniter.php(933): App\Controllers\User->create()
 7 SYSTEMPATH\CodeIgniter.php(507): CodeIgniter\CodeIgniter->runController(Object(App\Controllers\User))
 8 SYSTEMPATH\CodeIgniter.php(354): CodeIgniter\CodeIgniter->handleRequest(null, Object(Config\Cache), false)
 9 SYSTEMPATH\Boot.php(363): CodeIgniter\CodeIgniter->run()
10 SYSTEMPATH\Boot.php(68): CodeIgniter\Boot::runCodeIgniter(Object(CodeIgniter\CodeIgniter))
11 FCPATH\index.php(59): CodeIgniter\Boot::bootWeb(Object(Config\Paths))
CRITICAL - 2025-11-20 06:53:03 --> ErrorException: Undefined array key "name"
[Method: GET, Route: users/create]
in APPPATH\Views\users\create.php on line 17.
 1 APPPATH\Views\users\create.php(17): CodeIgniter\Debug\Exceptions->errorHandler(2, 'Undefined array key "name"', 'C:\\xampp\\htdocs\\ISW-613\\framework\\codeigniter4-framework-v4.6.3-0-g68d1a58\\codeigniter4-framework-68d1a58\\app\\Views\\users\\create.php', 17)
 2 SYSTEMPATH\View\View.php(226): include('C:\\xampp\\htdocs\\ISW-613\\framework\\codeigniter4-framework-v4.6.3-0-g68d1a58\\codeigniter4-framework-68d1a58\\app\\Views\\users\\create.php')
 3 SYSTEMPATH\View\View.php(229): CodeIgniter\View\View->CodeIgniter\View\{closure}()
 4 SYSTEMPATH\Common.php(1167): CodeIgniter\View\View->render('users/create', [], true)
 5 APPPATH\Controllers\User.php(21): view('users/create', [...])
 6 SYSTEMPATH\CodeIgniter.php(933): App\Controllers\User->create()
 7 SYSTEMPATH\CodeIgniter.php(507): CodeIgniter\CodeIgniter->runController(Object(App\Controllers\User))
 8 SYSTEMPATH\CodeIgniter.php(354): CodeIgniter\CodeIgniter->handleRequest(null, Object(Config\Cache), false)
 9 SYSTEMPATH\Boot.php(363): CodeIgniter\CodeIgniter->run()
10 SYSTEMPATH\Boot.php(68): CodeIgniter\Boot::runCodeIgniter(Object(CodeIgniter\CodeIgniter))
11 FCPATH\index.php(59): CodeIgniter\Boot::bootWeb(Object(Config\Paths))
CRITICAL - 2025-11-20 06:53:05 --> ErrorException: Undefined array key "name"
[Method: GET, Route: users/create]
in APPPATH\Views\users\create.php on line 17.
 1 APPPATH\Views\users\create.php(17): CodeIgniter\Debug\Exceptions->errorHandler(2, 'Undefined array key "name"', 'C:\\xampp\\htdocs\\ISW-613\\framework\\codeigniter4-framework-v4.6.3-0-g68d1a58\\codeigniter4-framework-68d1a58\\app\\Views\\users\\create.php', 17)
 2 SYSTEMPATH\View\View.php(226): include('C:\\xampp\\htdocs\\ISW-613\\framework\\codeigniter4-framework-v4.6.3-0-g68d1a58\\codeigniter4-framework-68d1a58\\app\\Views\\users\\create.php')
 3 SYSTEMPATH\View\View.php(229): CodeIgniter\View\View->CodeIgniter\View\{closure}()
 4 SYSTEMPATH\Common.php(1167): CodeIgniter\View\View->render('users/create', [], true)
 5 APPPATH\Controllers\User.php(21): view('users/create', [...])
 6 SYSTEMPATH\CodeIgniter.php(933): App\Controllers\User->create()
 7 SYSTEMPATH\CodeIgniter.php(507): CodeIgniter\CodeIgniter->runController(Object(App\Controllers\User))
 8 SYSTEMPATH\CodeIgniter.php(354): CodeIgniter\CodeIgniter->handleRequest(null, Object(Config\Cache), false)
 9 SYSTEMPATH\Boot.php(363): CodeIgniter\CodeIgniter->run()
10 SYSTEMPATH\Boot.php(68): CodeIgniter\Boot::runCodeIgniter(Object(CodeIgniter\CodeIgniter))
11 FCPATH\index.php(59): CodeIgniter\Boot::bootWeb(Object(Config\Paths))
CRITICAL - 2025-11-20 06:53:05 --> ErrorException: Undefined array key "name"
[Method: GET, Route: users/create]
in APPPATH\Views\users\create.php on line 17.
 1 APPPATH\Views\users\create.php(17): CodeIgniter\Debug\Exceptions->errorHandler(2, 'Undefined array key "name"', 'C:\\xampp\\htdocs\\ISW-613\\framework\\codeigniter4-framework-v4.6.3-0-g68d1a58\\codeigniter4-framework-68d1a58\\app\\Views\\users\\create.php', 17)
 2 SYSTEMPATH\View\View.php(226): include('C:\\xampp\\htdocs\\ISW-613\\framework\\codeigniter4-framework-v4.6.3-0-g68d1a58\\codeigniter4-framework-68d1a58\\app\\Views\\users\\create.php')
 3 SYSTEMPATH\View\View.php(229): CodeIgniter\View\View->CodeIgniter\View\{closure}()
 4 SYSTEMPATH\Common.php(1167): CodeIgniter\View\View->render('users/create', [], true)
 5 APPPATH\Controllers\User.php(21): view('users/create', [...])
 6 SYSTEMPATH\CodeIgniter.php(933): App\Controllers\User->create()
 7 SYSTEMPATH\CodeIgniter.php(507): CodeIgniter\CodeIgniter->runController(Object(App\Controllers\User))
 8 SYSTEMPATH\CodeIgniter.php(354): CodeIgniter\CodeIgniter->handleRequest(null, Object(Config\Cache), false)
 9 SYSTEMPATH\Boot.php(363): CodeIgniter\CodeIgniter->run()
10 SYSTEMPATH\Boot.php(68): CodeIgniter\Boot::runCodeIgniter(Object(CodeIgniter\CodeIgniter))
11 FCPATH\index.php(59): CodeIgniter\Boot::bootWeb(Object(Config\Paths))
ERROR - 2025-11-20 06:56:03 --> mysqli_sql_exception: Unknown column 'created_at' in 'field list' in C:\xampp\htdocs\ISW-613\framework\codeigniter4-framework-v4.6.3-0-g68d1a58\codeigniter4-framework-68d1a58\system\Database\MySQLi\Connection.php:327
Stack trace:
#0 C:\xampp\htdocs\ISW-613\framework\codeigniter4-framework-v4.6.3-0-g68d1a58\codeigniter4-framework-68d1a58\system\Database\MySQLi\Connection.php(327): mysqli->query('INSERT INTO `us...', 0)
#1 C:\xampp\htdocs\ISW-613\framework\codeigniter4-framework-v4.6.3-0-g68d1a58\codeigniter4-framework-68d1a58\system\Database\BaseConnection.php(729): CodeIgniter\Database\MySQLi\Connection->execute('INSERT INTO `us...')
#2 C:\xampp\htdocs\ISW-613\framework\codeigniter4-framework-v4.6.3-0-g68d1a58\codeigniter4-framework-68d1a58\system\Database\BaseConnection.php(646): CodeIgniter\Database\BaseConnection->simpleQuery('INSERT INTO `us...')
#3 C:\xampp\htdocs\ISW-613\framework\codeigniter4-framework-v4.6.3-0-g68d1a58\codeigniter4-framework-68d1a58\system\Database\BaseBuilder.php(2345): CodeIgniter\Database\BaseConnection->query('INSERT INTO `us...', Array, false)
#4 C:\xampp\htdocs\ISW-613\framework\codeigniter4-framework-v4.6.3-0-g68d1a58\codeigniter4-framework-68d1a58\system\Model.php(394): CodeIgniter\Database\BaseBuilder->insert()
#5 C:\xampp\htdocs\ISW-613\framework\codeigniter4-framework-v4.6.3-0-g68d1a58\codeigniter4-framework-68d1a58\system\BaseModel.php(838): CodeIgniter\Model->doInsert(Array)
#6 C:\xampp\htdocs\ISW-613\framework\codeigniter4-framework-v4.6.3-0-g68d1a58\codeigniter4-framework-68d1a58\system\Model.php(797): CodeIgniter\BaseModel->insert(Array, false)
#7 C:\xampp\htdocs\ISW-613\framework\codeigniter4-framework-v4.6.3-0-g68d1a58\codeigniter4-framework-68d1a58\system\BaseModel.php(751): CodeIgniter\Model->insert(Array, false)
#8 C:\xampp\htdocs\ISW-613\framework\codeigniter4-framework-v4.6.3-0-g68d1a58\codeigniter4-framework-68d1a58\app\Controllers\User.php(28): CodeIgniter\BaseModel->save(Array)
#9 C:\xampp\htdocs\ISW-613\framework\codeigniter4-framework-v4.6.3-0-g68d1a58\codeigniter4-framework-68d1a58\system\CodeIgniter.php(933): App\Controllers\User->store()
#10 C:\xampp\htdocs\ISW-613\framework\codeigniter4-framework-v4.6.3-0-g68d1a58\codeigniter4-framework-68d1a58\system\CodeIgniter.php(507): CodeIgniter\CodeIgniter->runController(Object(App\Controllers\User))
#11 C:\xampp\htdocs\ISW-613\framework\codeigniter4-framework-v4.6.3-0-g68d1a58\codeigniter4-framework-68d1a58\system\CodeIgniter.php(354): CodeIgniter\CodeIgniter->handleRequest(NULL, Object(Config\Cache), false)
#12 C:\xampp\htdocs\ISW-613\framework\codeigniter4-framework-v4.6.3-0-g68d1a58\codeigniter4-framework-68d1a58\system\Boot.php(363): CodeIgniter\CodeIgniter->run()
#13 C:\xampp\htdocs\ISW-613\framework\codeigniter4-framework-v4.6.3-0-g68d1a58\codeigniter4-framework-68d1a58\system\Boot.php(68): CodeIgniter\Boot::runCodeIgniter(Object(CodeIgniter\CodeIgniter))
#14 C:\xampp\htdocs\ISW-613\framework\codeigniter4-framework-v4.6.3-0-g68d1a58\codeigniter4-framework-68d1a58\public\index.php(59): CodeIgniter\Boot::bootWeb(Object(Config\Paths))
#15 {main}
CRITICAL - 2025-11-20 06:56:03 --> CodeIgniter\Database\Exceptions\DatabaseException: Unknown column 'created_at' in 'field list'
[Method: POST, Route: users/store]
in SYSTEMPATH\Database\BaseConnection.php on line 684.
 1 SYSTEMPATH\Database\BaseBuilder.php(2345): CodeIgniter\Database\BaseConnection->query('INSERT INTO `users` (`name`, `lastName`, `idCareer`, `created_at`, `updated_at`) VALUES (:name:, :lastName:, :idCareer:, :created_at:, :updated_at:)', [...], false)
 2 SYSTEMPATH\Model.php(394): CodeIgniter\Database\BaseBuilder->insert()
 3 SYSTEMPATH\BaseModel.php(838): CodeIgniter\Model->doInsert([...])
 4 SYSTEMPATH\Model.php(797): CodeIgniter\BaseModel->insert([...], false)
 5 SYSTEMPATH\BaseModel.php(751): CodeIgniter\Model->insert([...], false)
 6 APPPATH\Controllers\User.php(28): CodeIgniter\BaseModel->save([...])
 7 SYSTEMPATH\CodeIgniter.php(933): App\Controllers\User->store()
 8 SYSTEMPATH\CodeIgniter.php(507): CodeIgniter\CodeIgniter->runController(Object(App\Controllers\User))
 9 SYSTEMPATH\CodeIgniter.php(354): CodeIgniter\CodeIgniter->handleRequest(null, Object(Config\Cache), false)
10 SYSTEMPATH\Boot.php(363): CodeIgniter\CodeIgniter->run()
11 SYSTEMPATH\Boot.php(68): CodeIgniter\Boot::runCodeIgniter(Object(CodeIgniter\CodeIgniter))
12 FCPATH\index.php(59): CodeIgniter\Boot::bootWeb(Object(Config\Paths))
CRITICAL - 2025-11-20 06:56:03 --> [Caused by] CodeIgniter\Database\Exceptions\DatabaseException: Unknown column 'created_at' in 'field list'
in SYSTEMPATH\Database\MySQLi\Connection.php on line 332.
 1 SYSTEMPATH\Database\BaseConnection.php(729): CodeIgniter\Database\MySQLi\Connection->execute('INSERT INTO `users` (`name`, `lastName`, `idCareer`, `created_at`, `updated_at`) VALUES (\'Sheyla\', \'Murillo Cruz\', \'1\', \'2025-11-20 06:56:03\', \'2025-11-20 06:56:03\')')
 2 SYSTEMPATH\Database\BaseConnection.php(646): CodeIgniter\Database\BaseConnection->simpleQuery('INSERT INTO `users` (`name`, `lastName`, `idCareer`, `created_at`, `updated_at`) VALUES (\'Sheyla\', \'Murillo Cruz\', \'1\', \'2025-11-20 06:56:03\', \'2025-11-20 06:56:03\')')
 3 SYSTEMPATH\Database\BaseBuilder.php(2345): CodeIgniter\Database\BaseConnection->query('INSERT INTO `users` (`name`, `lastName`, `idCareer`, `created_at`, `updated_at`) VALUES (:name:, :lastName:, :idCareer:, :created_at:, :updated_at:)', [...], false)
 4 SYSTEMPATH\Model.php(394): CodeIgniter\Database\BaseBuilder->insert()
 5 SYSTEMPATH\BaseModel.php(838): CodeIgniter\Model->doInsert([...])
 6 SYSTEMPATH\Model.php(797): CodeIgniter\BaseModel->insert([...], false)
 7 SYSTEMPATH\BaseModel.php(751): CodeIgniter\Model->insert([...], false)
 8 APPPATH\Controllers\User.php(28): CodeIgniter\BaseModel->save([...])
 9 SYSTEMPATH\CodeIgniter.php(933): App\Controllers\User->store()
10 SYSTEMPATH\CodeIgniter.php(507): CodeIgniter\CodeIgniter->runController(Object(App\Controllers\User))
11 SYSTEMPATH\CodeIgniter.php(354): CodeIgniter\CodeIgniter->handleRequest(null, Object(Config\Cache), false)
12 SYSTEMPATH\Boot.php(363): CodeIgniter\CodeIgniter->run()
13 SYSTEMPATH\Boot.php(68): CodeIgniter\Boot::runCodeIgniter(Object(CodeIgniter\CodeIgniter))
14 FCPATH\index.php(59): CodeIgniter\Boot::bootWeb(Object(Config\Paths))
CRITICAL - 2025-11-20 06:56:03 --> [Caused by] mysqli_sql_exception: Unknown column 'created_at' in 'field list'
in SYSTEMPATH\Database\MySQLi\Connection.php on line 327.
 1 SYSTEMPATH\Database\MySQLi\Connection.php(327): mysqli->query('INSERT INTO `users` (`name`, `lastName`, `idCareer`, `created_at`, `updated_at`) VALUES (\'Sheyla\', \'Murillo Cruz\', \'1\', \'2025-11-20 06:56:03\', \'2025-11-20 06:56:03\')', 0)
 2 SYSTEMPATH\Database\BaseConnection.php(729): CodeIgniter\Database\MySQLi\Connection->execute('INSERT INTO `users` (`name`, `lastName`, `idCareer`, `created_at`, `updated_at`) VALUES (\'Sheyla\', \'Murillo Cruz\', \'1\', \'2025-11-20 06:56:03\', \'2025-11-20 06:56:03\')')
 3 SYSTEMPATH\Database\BaseConnection.php(646): CodeIgniter\Database\BaseConnection->simpleQuery('INSERT INTO `users` (`name`, `lastName`, `idCareer`, `created_at`, `updated_at`) VALUES (\'Sheyla\', \'Murillo Cruz\', \'1\', \'2025-11-20 06:56:03\', \'2025-11-20 06:56:03\')')
 4 SYSTEMPATH\Database\BaseBuilder.php(2345): CodeIgniter\Database\BaseConnection->query('INSERT INTO `users` (`name`, `lastName`, `idCareer`, `created_at`, `updated_at`) VALUES (:name:, :lastName:, :idCareer:, :created_at:, :updated_at:)', [...], false)
 5 SYSTEMPATH\Model.php(394): CodeIgniter\Database\BaseBuilder->insert()
 6 SYSTEMPATH\BaseModel.php(838): CodeIgniter\Model->doInsert([...])
 7 SYSTEMPATH\Model.php(797): CodeIgniter\BaseModel->insert([...], false)
 8 SYSTEMPATH\BaseModel.php(751): CodeIgniter\Model->insert([...], false)
 9 APPPATH\Controllers\User.php(28): CodeIgniter\BaseModel->save([...])
10 SYSTEMPATH\CodeIgniter.php(933): App\Controllers\User->store()
11 SYSTEMPATH\CodeIgniter.php(507): CodeIgniter\CodeIgniter->runController(Object(App\Controllers\User))
12 SYSTEMPATH\CodeIgniter.php(354): CodeIgniter\CodeIgniter->handleRequest(null, Object(Config\Cache), false)
13 SYSTEMPATH\Boot.php(363): CodeIgniter\CodeIgniter->run()
14 SYSTEMPATH\Boot.php(68): CodeIgniter\Boot::runCodeIgniter(Object(CodeIgniter\CodeIgniter))
15 FCPATH\index.php(59): CodeIgniter\Boot::bootWeb(Object(Config\Paths))
CRITICAL - 2025-11-20 07:06:32 --> ErrorException: Undefined array key "gmail"
[Method: GET, Route: users]
in APPPATH\Views\users\index.php on line 12.
 1 APPPATH\Views\users\index.php(12): CodeIgniter\Debug\Exceptions->errorHandler(2, 'Undefined array key "gmail"', 'C:\\xampp\\htdocs\\ISW-613\\framework\\codeigniter4-framework-v4.6.3-0-g68d1a58\\codeigniter4-framework-68d1a58\\app\\Views\\users\\index.php', 12)
 2 SYSTEMPATH\View\View.php(226): include('C:\\xampp\\htdocs\\ISW-613\\framework\\codeigniter4-framework-v4.6.3-0-g68d1a58\\codeigniter4-framework-68d1a58\\app\\Views\\users\\index.php')
 3 SYSTEMPATH\View\View.php(229): CodeIgniter\View\View->CodeIgniter\View\{closure}()
 4 SYSTEMPATH\Common.php(1167): CodeIgniter\View\View->render('users/index', [], true)
 5 APPPATH\Controllers\User.php(15): view('users/index', [...])
 6 SYSTEMPATH\CodeIgniter.php(933): App\Controllers\User->index()
 7 SYSTEMPATH\CodeIgniter.php(507): CodeIgniter\CodeIgniter->runController(Object(App\Controllers\User))
 8 SYSTEMPATH\CodeIgniter.php(354): CodeIgniter\CodeIgniter->handleRequest(null, Object(Config\Cache), false)
 9 SYSTEMPATH\Boot.php(363): CodeIgniter\CodeIgniter->run()
10 SYSTEMPATH\Boot.php(68): CodeIgniter\Boot::runCodeIgniter(Object(CodeIgniter\CodeIgniter))
11 FCPATH\index.php(59): CodeIgniter\Boot::bootWeb(Object(Config\Paths))
CRITICAL - 2025-11-20 07:06:33 --> ErrorException: Undefined array key "gmail"
[Method: GET, Route: users]
in APPPATH\Views\users\index.php on line 12.
 1 APPPATH\Views\users\index.php(12): CodeIgniter\Debug\Exceptions->errorHandler(2, 'Undefined array key "gmail"', 'C:\\xampp\\htdocs\\ISW-613\\framework\\codeigniter4-framework-v4.6.3-0-g68d1a58\\codeigniter4-framework-68d1a58\\app\\Views\\users\\index.php', 12)
 2 SYSTEMPATH\View\View.php(226): include('C:\\xampp\\htdocs\\ISW-613\\framework\\codeigniter4-framework-v4.6.3-0-g68d1a58\\codeigniter4-framework-68d1a58\\app\\Views\\users\\index.php')
 3 SYSTEMPATH\View\View.php(229): CodeIgniter\View\View->CodeIgniter\View\{closure}()
 4 SYSTEMPATH\Common.php(1167): CodeIgniter\View\View->render('users/index', [], true)
 5 APPPATH\Controllers\User.php(15): view('users/index', [...])
 6 SYSTEMPATH\CodeIgniter.php(933): App\Controllers\User->index()
 7 SYSTEMPATH\CodeIgniter.php(507): CodeIgniter\CodeIgniter->runController(Object(App\Controllers\User))
 8 SYSTEMPATH\CodeIgniter.php(354): CodeIgniter\CodeIgniter->handleRequest(null, Object(Config\Cache), false)
 9 SYSTEMPATH\Boot.php(363): CodeIgniter\CodeIgniter->run()
10 SYSTEMPATH\Boot.php(68): CodeIgniter\Boot::runCodeIgniter(Object(CodeIgniter\CodeIgniter))
11 FCPATH\index.php(59): CodeIgniter\Boot::bootWeb(Object(Config\Paths))
CRITICAL - 2025-11-20 07:09:34 --> ErrorException: Undefined array key "name"
[Method: GET, Route: careers]
in APPPATH\Views\careers\index.php on line 12.
 1 APPPATH\Views\careers\index.php(12): CodeIgniter\Debug\Exceptions->errorHandler(2, 'Undefined array key "name"', 'C:\\xampp\\htdocs\\ISW-613\\framework\\codeigniter4-framework-v4.6.3-0-g68d1a58\\codeigniter4-framework-68d1a58\\app\\Views\\careers\\index.php', 12)
 2 SYSTEMPATH\View\View.php(226): include('C:\\xampp\\htdocs\\ISW-613\\framework\\codeigniter4-framework-v4.6.3-0-g68d1a58\\codeigniter4-framework-68d1a58\\app\\Views\\careers\\index.php')
 3 SYSTEMPATH\View\View.php(229): CodeIgniter\View\View->CodeIgniter\View\{closure}()
 4 SYSTEMPATH\Common.php(1167): CodeIgniter\View\View->render('careers/index', [], true)
 5 APPPATH\Controllers\Careers.php(14): view('careers/index', [...])
 6 SYSTEMPATH\CodeIgniter.php(933): App\Controllers\Careers->index()
 7 SYSTEMPATH\CodeIgniter.php(507): CodeIgniter\CodeIgniter->runController(Object(App\Controllers\Careers))
 8 SYSTEMPATH\CodeIgniter.php(354): CodeIgniter\CodeIgniter->handleRequest(null, Object(Config\Cache), false)
 9 SYSTEMPATH\Boot.php(363): CodeIgniter\CodeIgniter->run()
10 SYSTEMPATH\Boot.php(68): CodeIgniter\Boot::runCodeIgniter(Object(CodeIgniter\CodeIgniter))
11 FCPATH\index.php(59): CodeIgniter\Boot::bootWeb(Object(Config\Paths))
CRITICAL - 2025-11-20 07:09:35 --> ErrorException: Undefined array key "name"
[Method: GET, Route: careers]
in APPPATH\Views\careers\index.php on line 12.
 1 APPPATH\Views\careers\index.php(12): CodeIgniter\Debug\Exceptions->errorHandler(2, 'Undefined array key "name"', 'C:\\xampp\\htdocs\\ISW-613\\framework\\codeigniter4-framework-v4.6.3-0-g68d1a58\\codeigniter4-framework-68d1a58\\app\\Views\\careers\\index.php', 12)
 2 SYSTEMPATH\View\View.php(226): include('C:\\xampp\\htdocs\\ISW-613\\framework\\codeigniter4-framework-v4.6.3-0-g68d1a58\\codeigniter4-framework-68d1a58\\app\\Views\\careers\\index.php')
 3 SYSTEMPATH\View\View.php(229): CodeIgniter\View\View->CodeIgniter\View\{closure}()
 4 SYSTEMPATH\Common.php(1167): CodeIgniter\View\View->render('careers/index', [], true)
 5 APPPATH\Controllers\Careers.php(14): view('careers/index', [...])
 6 SYSTEMPATH\CodeIgniter.php(933): App\Controllers\Careers->index()
 7 SYSTEMPATH\CodeIgniter.php(507): CodeIgniter\CodeIgniter->runController(Object(App\Controllers\Careers))
 8 SYSTEMPATH\CodeIgniter.php(354): CodeIgniter\CodeIgniter->handleRequest(null, Object(Config\Cache), false)
 9 SYSTEMPATH\Boot.php(363): CodeIgniter\CodeIgniter->run()
10 SYSTEMPATH\Boot.php(68): CodeIgniter\Boot::runCodeIgniter(Object(CodeIgniter\CodeIgniter))
11 FCPATH\index.php(59): CodeIgniter\Boot::bootWeb(Object(Config\Paths))
CRITICAL - 2025-11-20 07:09:37 --> ErrorException: Undefined array key "name"
[Method: GET, Route: careers]
in APPPATH\Views\careers\index.php on line 12.
 1 APPPATH\Views\careers\index.php(12): CodeIgniter\Debug\Exceptions->errorHandler(2, 'Undefined array key "name"', 'C:\\xampp\\htdocs\\ISW-613\\framework\\codeigniter4-framework-v4.6.3-0-g68d1a58\\codeigniter4-framework-68d1a58\\app\\Views\\careers\\index.php', 12)
 2 SYSTEMPATH\View\View.php(226): include('C:\\xampp\\htdocs\\ISW-613\\framework\\codeigniter4-framework-v4.6.3-0-g68d1a58\\codeigniter4-framework-68d1a58\\app\\Views\\careers\\index.php')
 3 SYSTEMPATH\View\View.php(229): CodeIgniter\View\View->CodeIgniter\View\{closure}()
 4 SYSTEMPATH\Common.php(1167): CodeIgniter\View\View->render('careers/index', [], true)
 5 APPPATH\Controllers\Careers.php(14): view('careers/index', [...])
 6 SYSTEMPATH\CodeIgniter.php(933): App\Controllers\Careers->index()
 7 SYSTEMPATH\CodeIgniter.php(507): CodeIgniter\CodeIgniter->runController(Object(App\Controllers\Careers))
 8 SYSTEMPATH\CodeIgniter.php(354): CodeIgniter\CodeIgniter->handleRequest(null, Object(Config\Cache), false)
 9 SYSTEMPATH\Boot.php(363): CodeIgniter\CodeIgniter->run()
10 SYSTEMPATH\Boot.php(68): CodeIgniter\Boot::runCodeIgniter(Object(CodeIgniter\CodeIgniter))
11 FCPATH\index.php(59): CodeIgniter\Boot::bootWeb(Object(Config\Paths))
ERROR - 2025-11-20 07:13:37 --> mysqli_sql_exception: Column 'career' cannot be null in C:\xampp\htdocs\ISW-613\framework\codeigniter4-framework-v4.6.3-0-g68d1a58\codeigniter4-framework-68d1a58\system\Database\MySQLi\Connection.php:327
Stack trace:
#0 C:\xampp\htdocs\ISW-613\framework\codeigniter4-framework-v4.6.3-0-g68d1a58\codeigniter4-framework-68d1a58\system\Database\MySQLi\Connection.php(327): mysqli->query('INSERT INTO `ca...', 0)
#1 C:\xampp\htdocs\ISW-613\framework\codeigniter4-framework-v4.6.3-0-g68d1a58\codeigniter4-framework-68d1a58\system\Database\BaseConnection.php(729): CodeIgniter\Database\MySQLi\Connection->execute('INSERT INTO `ca...')
#2 C:\xampp\htdocs\ISW-613\framework\codeigniter4-framework-v4.6.3-0-g68d1a58\codeigniter4-framework-68d1a58\system\Database\BaseConnection.php(646): CodeIgniter\Database\BaseConnection->simpleQuery('INSERT INTO `ca...')
#3 C:\xampp\htdocs\ISW-613\framework\codeigniter4-framework-v4.6.3-0-g68d1a58\codeigniter4-framework-68d1a58\system\Database\BaseBuilder.php(2345): CodeIgniter\Database\BaseConnection->query('INSERT INTO `ca...', Array, false)
#4 C:\xampp\htdocs\ISW-613\framework\codeigniter4-framework-v4.6.3-0-g68d1a58\codeigniter4-framework-68d1a58\system\Model.php(394): CodeIgniter\Database\BaseBuilder->insert()
#5 C:\xampp\htdocs\ISW-613\framework\codeigniter4-framework-v4.6.3-0-g68d1a58\codeigniter4-framework-68d1a58\system\BaseModel.php(838): CodeIgniter\Model->doInsert(Array)
#6 C:\xampp\htdocs\ISW-613\framework\codeigniter4-framework-v4.6.3-0-g68d1a58\codeigniter4-framework-68d1a58\system\Model.php(797): CodeIgniter\BaseModel->insert(Array, false)
#7 C:\xampp\htdocs\ISW-613\framework\codeigniter4-framework-v4.6.3-0-g68d1a58\codeigniter4-framework-68d1a58\system\BaseModel.php(751): CodeIgniter\Model->insert(Array, false)
#8 C:\xampp\htdocs\ISW-613\framework\codeigniter4-framework-v4.6.3-0-g68d1a58\codeigniter4-framework-68d1a58\app\Controllers\Careers.php(25): CodeIgniter\BaseModel->save(Array)
#9 C:\xampp\htdocs\ISW-613\framework\codeigniter4-framework-v4.6.3-0-g68d1a58\codeigniter4-framework-68d1a58\system\CodeIgniter.php(933): App\Controllers\Careers->store()
#10 C:\xampp\htdocs\ISW-613\framework\codeigniter4-framework-v4.6.3-0-g68d1a58\codeigniter4-framework-68d1a58\system\CodeIgniter.php(507): CodeIgniter\CodeIgniter->runController(Object(App\Controllers\Careers))
#11 C:\xampp\htdocs\ISW-613\framework\codeigniter4-framework-v4.6.3-0-g68d1a58\codeigniter4-framework-68d1a58\system\CodeIgniter.php(354): CodeIgniter\CodeIgniter->handleRequest(NULL, Object(Config\Cache), false)
#12 C:\xampp\htdocs\ISW-613\framework\codeigniter4-framework-v4.6.3-0-g68d1a58\codeigniter4-framework-68d1a58\system\Boot.php(363): CodeIgniter\CodeIgniter->run()
#13 C:\xampp\htdocs\ISW-613\framework\codeigniter4-framework-v4.6.3-0-g68d1a58\codeigniter4-framework-68d1a58\system\Boot.php(68): CodeIgniter\Boot::runCodeIgniter(Object(CodeIgniter\CodeIgniter))
#14 C:\xampp\htdocs\ISW-613\framework\codeigniter4-framework-v4.6.3-0-g68d1a58\codeigniter4-framework-68d1a58\public\index.php(59): CodeIgniter\Boot::bootWeb(Object(Config\Paths))
#15 {main}
CRITICAL - 2025-11-20 07:13:37 --> CodeIgniter\Database\Exceptions\DatabaseException: Column 'career' cannot be null
[Method: POST, Route: careers/store]
in SYSTEMPATH\Database\BaseConnection.php on line 684.
 1 SYSTEMPATH\Database\BaseBuilder.php(2345): CodeIgniter\Database\BaseConnection->query('INSERT INTO `careers` (`career`) VALUES (:career:)', [...], false)
 2 SYSTEMPATH\Model.php(394): CodeIgniter\Database\BaseBuilder->insert()
 3 SYSTEMPATH\BaseModel.php(838): CodeIgniter\Model->doInsert([...])
 4 SYSTEMPATH\Model.php(797): CodeIgniter\BaseModel->insert([...], false)
 5 SYSTEMPATH\BaseModel.php(751): CodeIgniter\Model->insert([...], false)
 6 APPPATH\Controllers\Careers.php(25): CodeIgniter\BaseModel->save([...])
 7 SYSTEMPATH\CodeIgniter.php(933): App\Controllers\Careers->store()
 8 SYSTEMPATH\CodeIgniter.php(507): CodeIgniter\CodeIgniter->runController(Object(App\Controllers\Careers))
 9 SYSTEMPATH\CodeIgniter.php(354): CodeIgniter\CodeIgniter->handleRequest(null, Object(Config\Cache), false)
10 SYSTEMPATH\Boot.php(363): CodeIgniter\CodeIgniter->run()
11 SYSTEMPATH\Boot.php(68): CodeIgniter\Boot::runCodeIgniter(Object(CodeIgniter\CodeIgniter))
12 FCPATH\index.php(59): CodeIgniter\Boot::bootWeb(Object(Config\Paths))
CRITICAL - 2025-11-20 07:13:37 --> [Caused by] CodeIgniter\Database\Exceptions\DatabaseException: Column 'career' cannot be null
in SYSTEMPATH\Database\MySQLi\Connection.php on line 332.
 1 SYSTEMPATH\Database\BaseConnection.php(729): CodeIgniter\Database\MySQLi\Connection->execute('INSERT INTO `careers` (`career`) VALUES (NULL)')
 2 SYSTEMPATH\Database\BaseConnection.php(646): CodeIgniter\Database\BaseConnection->simpleQuery('INSERT INTO `careers` (`career`) VALUES (NULL)')
 3 SYSTEMPATH\Database\BaseBuilder.php(2345): CodeIgniter\Database\BaseConnection->query('INSERT INTO `careers` (`career`) VALUES (:career:)', [...], false)
 4 SYSTEMPATH\Model.php(394): CodeIgniter\Database\BaseBuilder->insert()
 5 SYSTEMPATH\BaseModel.php(838): CodeIgniter\Model->doInsert([...])
 6 SYSTEMPATH\Model.php(797): CodeIgniter\BaseModel->insert([...], false)
 7 SYSTEMPATH\BaseModel.php(751): CodeIgniter\Model->insert([...], false)
 8 APPPATH\Controllers\Careers.php(25): CodeIgniter\BaseModel->save([...])
 9 SYSTEMPATH\CodeIgniter.php(933): App\Controllers\Careers->store()
10 SYSTEMPATH\CodeIgniter.php(507): CodeIgniter\CodeIgniter->runController(Object(App\Controllers\Careers))
11 SYSTEMPATH\CodeIgniter.php(354): CodeIgniter\CodeIgniter->handleRequest(null, Object(Config\Cache), false)
12 SYSTEMPATH\Boot.php(363): CodeIgniter\CodeIgniter->run()
13 SYSTEMPATH\Boot.php(68): CodeIgniter\Boot::runCodeIgniter(Object(CodeIgniter\CodeIgniter))
14 FCPATH\index.php(59): CodeIgniter\Boot::bootWeb(Object(Config\Paths))
CRITICAL - 2025-11-20 07:13:37 --> [Caused by] mysqli_sql_exception: Column 'career' cannot be null
in SYSTEMPATH\Database\MySQLi\Connection.php on line 327.
 1 SYSTEMPATH\Database\MySQLi\Connection.php(327): mysqli->query('INSERT INTO `careers` (`career`) VALUES (NULL)', 0)
 2 SYSTEMPATH\Database\BaseConnection.php(729): CodeIgniter\Database\MySQLi\Connection->execute('INSERT INTO `careers` (`career`) VALUES (NULL)')
 3 SYSTEMPATH\Database\BaseConnection.php(646): CodeIgniter\Database\BaseConnection->simpleQuery('INSERT INTO `careers` (`career`) VALUES (NULL)')
 4 SYSTEMPATH\Database\BaseBuilder.php(2345): CodeIgniter\Database\BaseConnection->query('INSERT INTO `careers` (`career`) VALUES (:career:)', [...], false)
 5 SYSTEMPATH\Model.php(394): CodeIgniter\Database\BaseBuilder->insert()
 6 SYSTEMPATH\BaseModel.php(838): CodeIgniter\Model->doInsert([...])
 7 SYSTEMPATH\Model.php(797): CodeIgniter\BaseModel->insert([...], false)
 8 SYSTEMPATH\BaseModel.php(751): CodeIgniter\Model->insert([...], false)
 9 APPPATH\Controllers\Careers.php(25): CodeIgniter\BaseModel->save([...])
10 SYSTEMPATH\CodeIgniter.php(933): App\Controllers\Careers->store()
11 SYSTEMPATH\CodeIgniter.php(507): CodeIgniter\CodeIgniter->runController(Object(App\Controllers\Careers))
12 SYSTEMPATH\CodeIgniter.php(354): CodeIgniter\CodeIgniter->handleRequest(null, Object(Config\Cache), false)
13 SYSTEMPATH\Boot.php(363): CodeIgniter\CodeIgniter->run()
14 SYSTEMPATH\Boot.php(68): CodeIgniter\Boot::runCodeIgniter(Object(CodeIgniter\CodeIgniter))
15 FCPATH\index.php(59): CodeIgniter\Boot::bootWeb(Object(Config\Paths))
ERROR - 2025-11-20 07:13:43 --> mysqli_sql_exception: Column 'career' cannot be null in C:\xampp\htdocs\ISW-613\framework\codeigniter4-framework-v4.6.3-0-g68d1a58\codeigniter4-framework-68d1a58\system\Database\MySQLi\Connection.php:327
Stack trace:
#0 C:\xampp\htdocs\ISW-613\framework\codeigniter4-framework-v4.6.3-0-g68d1a58\codeigniter4-framework-68d1a58\system\Database\MySQLi\Connection.php(327): mysqli->query('INSERT INTO `ca...', 0)
#1 C:\xampp\htdocs\ISW-613\framework\codeigniter4-framework-v4.6.3-0-g68d1a58\codeigniter4-framework-68d1a58\system\Database\BaseConnection.php(729): CodeIgniter\Database\MySQLi\Connection->execute('INSERT INTO `ca...')
#2 C:\xampp\htdocs\ISW-613\framework\codeigniter4-framework-v4.6.3-0-g68d1a58\codeigniter4-framework-68d1a58\system\Database\BaseConnection.php(646): CodeIgniter\Database\BaseConnection->simpleQuery('INSERT INTO `ca...')
#3 C:\xampp\htdocs\ISW-613\framework\codeigniter4-framework-v4.6.3-0-g68d1a58\codeigniter4-framework-68d1a58\system\Database\BaseBuilder.php(2345): CodeIgniter\Database\BaseConnection->query('INSERT INTO `ca...', Array, false)
#4 C:\xampp\htdocs\ISW-613\framework\codeigniter4-framework-v4.6.3-0-g68d1a58\codeigniter4-framework-68d1a58\system\Model.php(394): CodeIgniter\Database\BaseBuilder->insert()
#5 C:\xampp\htdocs\ISW-613\framework\codeigniter4-framework-v4.6.3-0-g68d1a58\codeigniter4-framework-68d1a58\system\BaseModel.php(838): CodeIgniter\Model->doInsert(Array)
#6 C:\xampp\htdocs\ISW-613\framework\codeigniter4-framework-v4.6.3-0-g68d1a58\codeigniter4-framework-68d1a58\system\Model.php(797): CodeIgniter\BaseModel->insert(Array, false)
#7 C:\xampp\htdocs\ISW-613\framework\codeigniter4-framework-v4.6.3-0-g68d1a58\codeigniter4-framework-68d1a58\system\BaseModel.php(751): CodeIgniter\Model->insert(Array, false)
#8 C:\xampp\htdocs\ISW-613\framework\codeigniter4-framework-v4.6.3-0-g68d1a58\codeigniter4-framework-68d1a58\app\Controllers\Careers.php(25): CodeIgniter\BaseModel->save(Array)
#9 C:\xampp\htdocs\ISW-613\framework\codeigniter4-framework-v4.6.3-0-g68d1a58\codeigniter4-framework-68d1a58\system\CodeIgniter.php(933): App\Controllers\Careers->store()
#10 C:\xampp\htdocs\ISW-613\framework\codeigniter4-framework-v4.6.3-0-g68d1a58\codeigniter4-framework-68d1a58\system\CodeIgniter.php(507): CodeIgniter\CodeIgniter->runController(Object(App\Controllers\Careers))
#11 C:\xampp\htdocs\ISW-613\framework\codeigniter4-framework-v4.6.3-0-g68d1a58\codeigniter4-framework-68d1a58\system\CodeIgniter.php(354): CodeIgniter\CodeIgniter->handleRequest(NULL, Object(Config\Cache), false)
#12 C:\xampp\htdocs\ISW-613\framework\codeigniter4-framework-v4.6.3-0-g68d1a58\codeigniter4-framework-68d1a58\system\Boot.php(363): CodeIgniter\CodeIgniter->run()
#13 C:\xampp\htdocs\ISW-613\framework\codeigniter4-framework-v4.6.3-0-g68d1a58\codeigniter4-framework-68d1a58\system\Boot.php(68): CodeIgniter\Boot::runCodeIgniter(Object(CodeIgniter\CodeIgniter))
#14 C:\xampp\htdocs\ISW-613\framework\codeigniter4-framework-v4.6.3-0-g68d1a58\codeigniter4-framework-68d1a58\public\index.php(59): CodeIgniter\Boot::bootWeb(Object(Config\Paths))
#15 {main}
CRITICAL - 2025-11-20 07:13:43 --> CodeIgniter\Database\Exceptions\DatabaseException: Column 'career' cannot be null
[Method: POST, Route: careers/store]
in SYSTEMPATH\Database\BaseConnection.php on line 684.
 1 SYSTEMPATH\Database\BaseBuilder.php(2345): CodeIgniter\Database\BaseConnection->query('INSERT INTO `careers` (`career`) VALUES (:career:)', [...], false)
 2 SYSTEMPATH\Model.php(394): CodeIgniter\Database\BaseBuilder->insert()
 3 SYSTEMPATH\BaseModel.php(838): CodeIgniter\Model->doInsert([...])
 4 SYSTEMPATH\Model.php(797): CodeIgniter\BaseModel->insert([...], false)
 5 SYSTEMPATH\BaseModel.php(751): CodeIgniter\Model->insert([...], false)
 6 APPPATH\Controllers\Careers.php(25): CodeIgniter\BaseModel->save([...])
 7 SYSTEMPATH\CodeIgniter.php(933): App\Controllers\Careers->store()
 8 SYSTEMPATH\CodeIgniter.php(507): CodeIgniter\CodeIgniter->runController(Object(App\Controllers\Careers))
 9 SYSTEMPATH\CodeIgniter.php(354): CodeIgniter\CodeIgniter->handleRequest(null, Object(Config\Cache), false)
10 SYSTEMPATH\Boot.php(363): CodeIgniter\CodeIgniter->run()
11 SYSTEMPATH\Boot.php(68): CodeIgniter\Boot::runCodeIgniter(Object(CodeIgniter\CodeIgniter))
12 FCPATH\index.php(59): CodeIgniter\Boot::bootWeb(Object(Config\Paths))
CRITICAL - 2025-11-20 07:13:43 --> [Caused by] CodeIgniter\Database\Exceptions\DatabaseException: Column 'career' cannot be null
in SYSTEMPATH\Database\MySQLi\Connection.php on line 332.
 1 SYSTEMPATH\Database\BaseConnection.php(729): CodeIgniter\Database\MySQLi\Connection->execute('INSERT INTO `careers` (`career`) VALUES (NULL)')
 2 SYSTEMPATH\Database\BaseConnection.php(646): CodeIgniter\Database\BaseConnection->simpleQuery('INSERT INTO `careers` (`career`) VALUES (NULL)')
 3 SYSTEMPATH\Database\BaseBuilder.php(2345): CodeIgniter\Database\BaseConnection->query('INSERT INTO `careers` (`career`) VALUES (:career:)', [...], false)
 4 SYSTEMPATH\Model.php(394): CodeIgniter\Database\BaseBuilder->insert()
 5 SYSTEMPATH\BaseModel.php(838): CodeIgniter\Model->doInsert([...])
 6 SYSTEMPATH\Model.php(797): CodeIgniter\BaseModel->insert([...], false)
 7 SYSTEMPATH\BaseModel.php(751): CodeIgniter\Model->insert([...], false)
 8 APPPATH\Controllers\Careers.php(25): CodeIgniter\BaseModel->save([...])
 9 SYSTEMPATH\CodeIgniter.php(933): App\Controllers\Careers->store()
10 SYSTEMPATH\CodeIgniter.php(507): CodeIgniter\CodeIgniter->runController(Object(App\Controllers\Careers))
11 SYSTEMPATH\CodeIgniter.php(354): CodeIgniter\CodeIgniter->handleRequest(null, Object(Config\Cache), false)
12 SYSTEMPATH\Boot.php(363): CodeIgniter\CodeIgniter->run()
13 SYSTEMPATH\Boot.php(68): CodeIgniter\Boot::runCodeIgniter(Object(CodeIgniter\CodeIgniter))
14 FCPATH\index.php(59): CodeIgniter\Boot::bootWeb(Object(Config\Paths))
CRITICAL - 2025-11-20 07:13:43 --> [Caused by] mysqli_sql_exception: Column 'career' cannot be null
in SYSTEMPATH\Database\MySQLi\Connection.php on line 327.
 1 SYSTEMPATH\Database\MySQLi\Connection.php(327): mysqli->query('INSERT INTO `careers` (`career`) VALUES (NULL)', 0)
 2 SYSTEMPATH\Database\BaseConnection.php(729): CodeIgniter\Database\MySQLi\Connection->execute('INSERT INTO `careers` (`career`) VALUES (NULL)')
 3 SYSTEMPATH\Database\BaseConnection.php(646): CodeIgniter\Database\BaseConnection->simpleQuery('INSERT INTO `careers` (`career`) VALUES (NULL)')
 4 SYSTEMPATH\Database\BaseBuilder.php(2345): CodeIgniter\Database\BaseConnection->query('INSERT INTO `careers` (`career`) VALUES (:career:)', [...], false)
 5 SYSTEMPATH\Model.php(394): CodeIgniter\Database\BaseBuilder->insert()
 6 SYSTEMPATH\BaseModel.php(838): CodeIgniter\Model->doInsert([...])
 7 SYSTEMPATH\Model.php(797): CodeIgniter\BaseModel->insert([...], false)
 8 SYSTEMPATH\BaseModel.php(751): CodeIgniter\Model->insert([...], false)
 9 APPPATH\Controllers\Careers.php(25): CodeIgniter\BaseModel->save([...])
10 SYSTEMPATH\CodeIgniter.php(933): App\Controllers\Careers->store()
11 SYSTEMPATH\CodeIgniter.php(507): CodeIgniter\CodeIgniter->runController(Object(App\Controllers\Careers))
12 SYSTEMPATH\CodeIgniter.php(354): CodeIgniter\CodeIgniter->handleRequest(null, Object(Config\Cache), false)
13 SYSTEMPATH\Boot.php(363): CodeIgniter\CodeIgniter->run()
14 SYSTEMPATH\Boot.php(68): CodeIgniter\Boot::runCodeIgniter(Object(CodeIgniter\CodeIgniter))
15 FCPATH\index.php(59): CodeIgniter\Boot::bootWeb(Object(Config\Paths))
ERROR - 2025-11-20 07:30:37 --> mysqli_sql_exception: Cannot add or update a child row: a foreign key constraint fails (`workshop6`.`users`, CONSTRAINT `users_ibfk_1` FOREIGN KEY (`idCareer`) REFERENCES `careers` (`idCareer`)) in C:\xampp\htdocs\ISW-613\framework\codeigniter4-framework-v4.6.3-0-g68d1a58\codeigniter4-framework-68d1a58\system\Database\MySQLi\Connection.php:327
Stack trace:
#0 C:\xampp\htdocs\ISW-613\framework\codeigniter4-framework-v4.6.3-0-g68d1a58\codeigniter4-framework-68d1a58\system\Database\MySQLi\Connection.php(327): mysqli->query('UPDATE `users` ...', 0)
#1 C:\xampp\htdocs\ISW-613\framework\codeigniter4-framework-v4.6.3-0-g68d1a58\codeigniter4-framework-68d1a58\system\Database\BaseConnection.php(729): CodeIgniter\Database\MySQLi\Connection->execute('UPDATE `users` ...')
#2 C:\xampp\htdocs\ISW-613\framework\codeigniter4-framework-v4.6.3-0-g68d1a58\codeigniter4-framework-68d1a58\system\Database\BaseConnection.php(646): CodeIgniter\Database\BaseConnection->simpleQuery('UPDATE `users` ...')
#3 C:\xampp\htdocs\ISW-613\framework\codeigniter4-framework-v4.6.3-0-g68d1a58\codeigniter4-framework-68d1a58\system\Database\BaseBuilder.php(2521): CodeIgniter\Database\BaseConnection->query('UPDATE `users` ...', Array, false)
#4 C:\xampp\htdocs\ISW-613\framework\codeigniter4-framework-v4.6.3-0-g68d1a58\codeigniter4-framework-68d1a58\system\Model.php(461): CodeIgniter\Database\BaseBuilder->update()
#5 C:\xampp\htdocs\ISW-613\framework\codeigniter4-framework-v4.6.3-0-g68d1a58\codeigniter4-framework-68d1a58\system\BaseModel.php(1025): CodeIgniter\Model->doUpdate(Array, Array)
#6 C:\xampp\htdocs\ISW-613\framework\codeigniter4-framework-v4.6.3-0-g68d1a58\codeigniter4-framework-68d1a58\system\Model.php(860): CodeIgniter\BaseModel->update(Array, Array)
#7 C:\xampp\htdocs\ISW-613\framework\codeigniter4-framework-v4.6.3-0-g68d1a58\codeigniter4-framework-68d1a58\app\Controllers\User.php(48): CodeIgniter\Model->update('1', Array)
#8 C:\xampp\htdocs\ISW-613\framework\codeigniter4-framework-v4.6.3-0-g68d1a58\codeigniter4-framework-68d1a58\system\CodeIgniter.php(933): App\Controllers\User->update('1')
#9 C:\xampp\htdocs\ISW-613\framework\codeigniter4-framework-v4.6.3-0-g68d1a58\codeigniter4-framework-68d1a58\system\CodeIgniter.php(507): CodeIgniter\CodeIgniter->runController(Object(App\Controllers\User))
#10 C:\xampp\htdocs\ISW-613\framework\codeigniter4-framework-v4.6.3-0-g68d1a58\codeigniter4-framework-68d1a58\system\CodeIgniter.php(354): CodeIgniter\CodeIgniter->handleRequest(NULL, Object(Config\Cache), false)
#11 C:\xampp\htdocs\ISW-613\framework\codeigniter4-framework-v4.6.3-0-g68d1a58\codeigniter4-framework-68d1a58\system\Boot.php(363): CodeIgniter\CodeIgniter->run()
#12 C:\xampp\htdocs\ISW-613\framework\codeigniter4-framework-v4.6.3-0-g68d1a58\codeigniter4-framework-68d1a58\system\Boot.php(68): CodeIgniter\Boot::runCodeIgniter(Object(CodeIgniter\CodeIgniter))
#13 C:\xampp\htdocs\ISW-613\framework\codeigniter4-framework-v4.6.3-0-g68d1a58\codeigniter4-framework-68d1a58\public\index.php(59): CodeIgniter\Boot::bootWeb(Object(Config\Paths))
#14 {main}
CRITICAL - 2025-11-20 07:30:37 --> CodeIgniter\Database\Exceptions\DatabaseException: Cannot add or update a child row: a foreign key constraint fails (`workshop6`.`users`, CONSTRAINT `users_ibfk_1` FOREIGN KEY (`idCareer`) REFERENCES `careers` (`idCareer`))
[Method: POST, Route: users/update/1]
in SYSTEMPATH\Database\BaseConnection.php on line 684.
 1 SYSTEMPATH\Database\BaseBuilder.php(2521): CodeIgniter\Database\BaseConnection->query('UPDATE `users` SET `name` = :name:, `lastName` = :lastName:, `idCareer` = :idCareer:
WHERE `users`.`idUser` IN :users.idUser:', [...], false)
 2 SYSTEMPATH\Model.php(461): CodeIgniter\Database\BaseBuilder->update()
 3 SYSTEMPATH\BaseModel.php(1025): CodeIgniter\Model->doUpdate([...], [...])
 4 SYSTEMPATH\Model.php(860): CodeIgniter\BaseModel->update([...], [...])
 5 APPPATH\Controllers\User.php(48): CodeIgniter\Model->update('1', [...])
 6 SYSTEMPATH\CodeIgniter.php(933): App\Controllers\User->update('1')
 7 SYSTEMPATH\CodeIgniter.php(507): CodeIgniter\CodeIgniter->runController(Object(App\Controllers\User))
 8 SYSTEMPATH\CodeIgniter.php(354): CodeIgniter\CodeIgniter->handleRequest(null, Object(Config\Cache), false)
 9 SYSTEMPATH\Boot.php(363): CodeIgniter\CodeIgniter->run()
10 SYSTEMPATH\Boot.php(68): CodeIgniter\Boot::runCodeIgniter(Object(CodeIgniter\CodeIgniter))
11 FCPATH\index.php(59): CodeIgniter\Boot::bootWeb(Object(Config\Paths))
CRITICAL - 2025-11-20 07:30:37 --> [Caused by] CodeIgniter\Database\Exceptions\DatabaseException: Cannot add or update a child row: a foreign key constraint fails (`workshop6`.`users`, CONSTRAINT `users_ibfk_1` FOREIGN KEY (`idCareer`) REFERENCES `careers` (`idCareer`))
in SYSTEMPATH\Database\MySQLi\Connection.php on line 332.
 1 SYSTEMPATH\Database\BaseConnection.php(729): CodeIgniter\Database\MySQLi\Connection->execute('UPDATE `users` SET `name` = \'shy\', `lastName` = NULL, `idCareer` = NULL
WHERE `users`.`idUser` IN (\'1\')')
 2 SYSTEMPATH\Database\BaseConnection.php(646): CodeIgniter\Database\BaseConnection->simpleQuery('UPDATE `users` SET `name` = \'shy\', `lastName` = NULL, `idCareer` = NULL
WHERE `users`.`idUser` IN (\'1\')')
 3 SYSTEMPATH\Database\BaseBuilder.php(2521): CodeIgniter\Database\BaseConnection->query('UPDATE `users` SET `name` = :name:, `lastName` = :lastName:, `idCareer` = :idCareer:
WHERE `users`.`idUser` IN :users.idUser:', [...], false)
 4 SYSTEMPATH\Model.php(461): CodeIgniter\Database\BaseBuilder->update()
 5 SYSTEMPATH\BaseModel.php(1025): CodeIgniter\Model->doUpdate([...], [...])
 6 SYSTEMPATH\Model.php(860): CodeIgniter\BaseModel->update([...], [...])
 7 APPPATH\Controllers\User.php(48): CodeIgniter\Model->update('1', [...])
 8 SYSTEMPATH\CodeIgniter.php(933): App\Controllers\User->update('1')
 9 SYSTEMPATH\CodeIgniter.php(507): CodeIgniter\CodeIgniter->runController(Object(App\Controllers\User))
10 SYSTEMPATH\CodeIgniter.php(354): CodeIgniter\CodeIgniter->handleRequest(null, Object(Config\Cache), false)
11 SYSTEMPATH\Boot.php(363): CodeIgniter\CodeIgniter->run()
12 SYSTEMPATH\Boot.php(68): CodeIgniter\Boot::runCodeIgniter(Object(CodeIgniter\CodeIgniter))
13 FCPATH\index.php(59): CodeIgniter\Boot::bootWeb(Object(Config\Paths))
CRITICAL - 2025-11-20 07:30:37 --> [Caused by] mysqli_sql_exception: Cannot add or update a child row: a foreign key constraint fails (`workshop6`.`users`, CONSTRAINT `users_ibfk_1` FOREIGN KEY (`idCareer`) REFERENCES `careers` (`idCareer`))
in SYSTEMPATH\Database\MySQLi\Connection.php on line 327.
 1 SYSTEMPATH\Database\MySQLi\Connection.php(327): mysqli->query('UPDATE `users` SET `name` = \'shy\', `lastName` = NULL, `idCareer` = NULL
WHERE `users`.`idUser` IN (\'1\')', 0)
 2 SYSTEMPATH\Database\BaseConnection.php(729): CodeIgniter\Database\MySQLi\Connection->execute('UPDATE `users` SET `name` = \'shy\', `lastName` = NULL, `idCareer` = NULL
WHERE `users`.`idUser` IN (\'1\')')
 3 SYSTEMPATH\Database\BaseConnection.php(646): CodeIgniter\Database\BaseConnection->simpleQuery('UPDATE `users` SET `name` = \'shy\', `lastName` = NULL, `idCareer` = NULL
WHERE `users`.`idUser` IN (\'1\')')
 4 SYSTEMPATH\Database\BaseBuilder.php(2521): CodeIgniter\Database\BaseConnection->query('UPDATE `users` SET `name` = :name:, `lastName` = :lastName:, `idCareer` = :idCareer:
WHERE `users`.`idUser` IN :users.idUser:', [...], false)
 5 SYSTEMPATH\Model.php(461): CodeIgniter\Database\BaseBuilder->update()
 6 SYSTEMPATH\BaseModel.php(1025): CodeIgniter\Model->doUpdate([...], [...])
 7 SYSTEMPATH\Model.php(860): CodeIgniter\BaseModel->update([...], [...])
 8 APPPATH\Controllers\User.php(48): CodeIgniter\Model->update('1', [...])
 9 SYSTEMPATH\CodeIgniter.php(933): App\Controllers\User->update('1')
10 SYSTEMPATH\CodeIgniter.php(507): CodeIgniter\CodeIgniter->runController(Object(App\Controllers\User))
11 SYSTEMPATH\CodeIgniter.php(354): CodeIgniter\CodeIgniter->handleRequest(null, Object(Config\Cache), false)
12 SYSTEMPATH\Boot.php(363): CodeIgniter\CodeIgniter->run()
13 SYSTEMPATH\Boot.php(68): CodeIgniter\Boot::runCodeIgniter(Object(CodeIgniter\CodeIgniter))
14 FCPATH\index.php(59): CodeIgniter\Boot::bootWeb(Object(Config\Paths))
ERROR - 2025-11-20 07:31:25 --> mysqli_sql_exception: Cannot add or update a child row: a foreign key constraint fails (`workshop6`.`users`, CONSTRAINT `users_ibfk_1` FOREIGN KEY (`idCareer`) REFERENCES `careers` (`idCareer`)) in C:\xampp\htdocs\ISW-613\framework\codeigniter4-framework-v4.6.3-0-g68d1a58\codeigniter4-framework-68d1a58\system\Database\MySQLi\Connection.php:327
Stack trace:
#0 C:\xampp\htdocs\ISW-613\framework\codeigniter4-framework-v4.6.3-0-g68d1a58\codeigniter4-framework-68d1a58\system\Database\MySQLi\Connection.php(327): mysqli->query('UPDATE `users` ...', 0)
#1 C:\xampp\htdocs\ISW-613\framework\codeigniter4-framework-v4.6.3-0-g68d1a58\codeigniter4-framework-68d1a58\system\Database\BaseConnection.php(729): CodeIgniter\Database\MySQLi\Connection->execute('UPDATE `users` ...')
#2 C:\xampp\htdocs\ISW-613\framework\codeigniter4-framework-v4.6.3-0-g68d1a58\codeigniter4-framework-68d1a58\system\Database\BaseConnection.php(646): CodeIgniter\Database\BaseConnection->simpleQuery('UPDATE `users` ...')
#3 C:\xampp\htdocs\ISW-613\framework\codeigniter4-framework-v4.6.3-0-g68d1a58\codeigniter4-framework-68d1a58\system\Database\BaseBuilder.php(2521): CodeIgniter\Database\BaseConnection->query('UPDATE `users` ...', Array, false)
#4 C:\xampp\htdocs\ISW-613\framework\codeigniter4-framework-v4.6.3-0-g68d1a58\codeigniter4-framework-68d1a58\system\Model.php(461): CodeIgniter\Database\BaseBuilder->update()
#5 C:\xampp\htdocs\ISW-613\framework\codeigniter4-framework-v4.6.3-0-g68d1a58\codeigniter4-framework-68d1a58\system\BaseModel.php(1025): CodeIgniter\Model->doUpdate(Array, Array)
#6 C:\xampp\htdocs\ISW-613\framework\codeigniter4-framework-v4.6.3-0-g68d1a58\codeigniter4-framework-68d1a58\system\Model.php(860): CodeIgniter\BaseModel->update(Array, Array)
#7 C:\xampp\htdocs\ISW-613\framework\codeigniter4-framework-v4.6.3-0-g68d1a58\codeigniter4-framework-68d1a58\app\Controllers\User.php(48): CodeIgniter\Model->update('1', Array)
#8 C:\xampp\htdocs\ISW-613\framework\codeigniter4-framework-v4.6.3-0-g68d1a58\codeigniter4-framework-68d1a58\system\CodeIgniter.php(933): App\Controllers\User->update('1')
#9 C:\xampp\htdocs\ISW-613\framework\codeigniter4-framework-v4.6.3-0-g68d1a58\codeigniter4-framework-68d1a58\system\CodeIgniter.php(507): CodeIgniter\CodeIgniter->runController(Object(App\Controllers\User))
#10 C:\xampp\htdocs\ISW-613\framework\codeigniter4-framework-v4.6.3-0-g68d1a58\codeigniter4-framework-68d1a58\system\CodeIgniter.php(354): CodeIgniter\CodeIgniter->handleRequest(NULL, Object(Config\Cache), false)
#11 C:\xampp\htdocs\ISW-613\framework\codeigniter4-framework-v4.6.3-0-g68d1a58\codeigniter4-framework-68d1a58\system\Boot.php(363): CodeIgniter\CodeIgniter->run()
#12 C:\xampp\htdocs\ISW-613\framework\codeigniter4-framework-v4.6.3-0-g68d1a58\codeigniter4-framework-68d1a58\system\Boot.php(68): CodeIgniter\Boot::runCodeIgniter(Object(CodeIgniter\CodeIgniter))
#13 C:\xampp\htdocs\ISW-613\framework\codeigniter4-framework-v4.6.3-0-g68d1a58\codeigniter4-framework-68d1a58\public\index.php(59): CodeIgniter\Boot::bootWeb(Object(Config\Paths))
#14 {main}
CRITICAL - 2025-11-20 07:31:25 --> CodeIgniter\Database\Exceptions\DatabaseException: Cannot add or update a child row: a foreign key constraint fails (`workshop6`.`users`, CONSTRAINT `users_ibfk_1` FOREIGN KEY (`idCareer`) REFERENCES `careers` (`idCareer`))
[Method: POST, Route: users/update/1]
in SYSTEMPATH\Database\BaseConnection.php on line 684.
 1 SYSTEMPATH\Database\BaseBuilder.php(2521): CodeIgniter\Database\BaseConnection->query('UPDATE `users` SET `name` = :name:, `lastName` = :lastName:, `idCareer` = :idCareer:
WHERE `users`.`idUser` IN :users.idUser:', [...], false)
 2 SYSTEMPATH\Model.php(461): CodeIgniter\Database\BaseBuilder->update()
 3 SYSTEMPATH\BaseModel.php(1025): CodeIgniter\Model->doUpdate([...], [...])
 4 SYSTEMPATH\Model.php(860): CodeIgniter\BaseModel->update([...], [...])
 5 APPPATH\Controllers\User.php(48): CodeIgniter\Model->update('1', [...])
 6 SYSTEMPATH\CodeIgniter.php(933): App\Controllers\User->update('1')
 7 SYSTEMPATH\CodeIgniter.php(507): CodeIgniter\CodeIgniter->runController(Object(App\Controllers\User))
 8 SYSTEMPATH\CodeIgniter.php(354): CodeIgniter\CodeIgniter->handleRequest(null, Object(Config\Cache), false)
 9 SYSTEMPATH\Boot.php(363): CodeIgniter\CodeIgniter->run()
10 SYSTEMPATH\Boot.php(68): CodeIgniter\Boot::runCodeIgniter(Object(CodeIgniter\CodeIgniter))
11 FCPATH\index.php(59): CodeIgniter\Boot::bootWeb(Object(Config\Paths))
CRITICAL - 2025-11-20 07:31:25 --> [Caused by] CodeIgniter\Database\Exceptions\DatabaseException: Cannot add or update a child row: a foreign key constraint fails (`workshop6`.`users`, CONSTRAINT `users_ibfk_1` FOREIGN KEY (`idCareer`) REFERENCES `careers` (`idCareer`))
in SYSTEMPATH\Database\MySQLi\Connection.php on line 332.
 1 SYSTEMPATH\Database\BaseConnection.php(729): CodeIgniter\Database\MySQLi\Connection->execute('UPDATE `users` SET `name` = \'shy\', `lastName` = NULL, `idCareer` = NULL
WHERE `users`.`idUser` IN (\'1\')')
 2 SYSTEMPATH\Database\BaseConnection.php(646): CodeIgniter\Database\BaseConnection->simpleQuery('UPDATE `users` SET `name` = \'shy\', `lastName` = NULL, `idCareer` = NULL
WHERE `users`.`idUser` IN (\'1\')')
 3 SYSTEMPATH\Database\BaseBuilder.php(2521): CodeIgniter\Database\BaseConnection->query('UPDATE `users` SET `name` = :name:, `lastName` = :lastName:, `idCareer` = :idCareer:
WHERE `users`.`idUser` IN :users.idUser:', [...], false)
 4 SYSTEMPATH\Model.php(461): CodeIgniter\Database\BaseBuilder->update()
 5 SYSTEMPATH\BaseModel.php(1025): CodeIgniter\Model->doUpdate([...], [...])
 6 SYSTEMPATH\Model.php(860): CodeIgniter\BaseModel->update([...], [...])
 7 APPPATH\Controllers\User.php(48): CodeIgniter\Model->update('1', [...])
 8 SYSTEMPATH\CodeIgniter.php(933): App\Controllers\User->update('1')
 9 SYSTEMPATH\CodeIgniter.php(507): CodeIgniter\CodeIgniter->runController(Object(App\Controllers\User))
10 SYSTEMPATH\CodeIgniter.php(354): CodeIgniter\CodeIgniter->handleRequest(null, Object(Config\Cache), false)
11 SYSTEMPATH\Boot.php(363): CodeIgniter\CodeIgniter->run()
12 SYSTEMPATH\Boot.php(68): CodeIgniter\Boot::runCodeIgniter(Object(CodeIgniter\CodeIgniter))
13 FCPATH\index.php(59): CodeIgniter\Boot::bootWeb(Object(Config\Paths))
CRITICAL - 2025-11-20 07:31:25 --> [Caused by] mysqli_sql_exception: Cannot add or update a child row: a foreign key constraint fails (`workshop6`.`users`, CONSTRAINT `users_ibfk_1` FOREIGN KEY (`idCareer`) REFERENCES `careers` (`idCareer`))
in SYSTEMPATH\Database\MySQLi\Connection.php on line 327.
 1 SYSTEMPATH\Database\MySQLi\Connection.php(327): mysqli->query('UPDATE `users` SET `name` = \'shy\', `lastName` = NULL, `idCareer` = NULL
WHERE `users`.`idUser` IN (\'1\')', 0)
 2 SYSTEMPATH\Database\BaseConnection.php(729): CodeIgniter\Database\MySQLi\Connection->execute('UPDATE `users` SET `name` = \'shy\', `lastName` = NULL, `idCareer` = NULL
WHERE `users`.`idUser` IN (\'1\')')
 3 SYSTEMPATH\Database\BaseConnection.php(646): CodeIgniter\Database\BaseConnection->simpleQuery('UPDATE `users` SET `name` = \'shy\', `lastName` = NULL, `idCareer` = NULL
WHERE `users`.`idUser` IN (\'1\')')
 4 SYSTEMPATH\Database\BaseBuilder.php(2521): CodeIgniter\Database\BaseConnection->query('UPDATE `users` SET `name` = :name:, `lastName` = :lastName:, `idCareer` = :idCareer:
WHERE `users`.`idUser` IN :users.idUser:', [...], false)
 5 SYSTEMPATH\Model.php(461): CodeIgniter\Database\BaseBuilder->update()
 6 SYSTEMPATH\BaseModel.php(1025): CodeIgniter\Model->doUpdate([...], [...])
 7 SYSTEMPATH\Model.php(860): CodeIgniter\BaseModel->update([...], [...])
 8 APPPATH\Controllers\User.php(48): CodeIgniter\Model->update('1', [...])
 9 SYSTEMPATH\CodeIgniter.php(933): App\Controllers\User->update('1')
10 SYSTEMPATH\CodeIgniter.php(507): CodeIgniter\CodeIgniter->runController(Object(App\Controllers\User))
11 SYSTEMPATH\CodeIgniter.php(354): CodeIgniter\CodeIgniter->handleRequest(null, Object(Config\Cache), false)
12 SYSTEMPATH\Boot.php(363): CodeIgniter\CodeIgniter->run()
13 SYSTEMPATH\Boot.php(68): CodeIgniter\Boot::runCodeIgniter(Object(CodeIgniter\CodeIgniter))
14 FCPATH\index.php(59): CodeIgniter\Boot::bootWeb(Object(Config\Paths))
CRITICAL - 2025-11-20 07:31:27 --> ErrorException: Undefined variable $careers
[Method: GET, Route: users/edit/1]
in APPPATH\Views\users\edit.php on line 17.
 1 APPPATH\Views\users\edit.php(17): CodeIgniter\Debug\Exceptions->errorHandler(2, 'Undefined variable $careers', 'C:\\xampp\\htdocs\\ISW-613\\framework\\codeigniter4-framework-v4.6.3-0-g68d1a58\\codeigniter4-framework-68d1a58\\app\\Views\\users\\edit.php', 17)
 2 SYSTEMPATH\View\View.php(226): include('C:\\xampp\\htdocs\\ISW-613\\framework\\codeigniter4-framework-v4.6.3-0-g68d1a58\\codeigniter4-framework-68d1a58\\app\\Views\\users\\edit.php')
 3 SYSTEMPATH\View\View.php(229): CodeIgniter\View\View->CodeIgniter\View\{closure}()
 4 SYSTEMPATH\Common.php(1167): CodeIgniter\View\View->render('users/edit', [], true)
 5 APPPATH\Controllers\User.php(41): view('users/edit', [...])
 6 SYSTEMPATH\CodeIgniter.php(933): App\Controllers\User->edit('1')
 7 SYSTEMPATH\CodeIgniter.php(507): CodeIgniter\CodeIgniter->runController(Object(App\Controllers\User))
 8 SYSTEMPATH\CodeIgniter.php(354): CodeIgniter\CodeIgniter->handleRequest(null, Object(Config\Cache), false)
 9 SYSTEMPATH\Boot.php(363): CodeIgniter\CodeIgniter->run()
10 SYSTEMPATH\Boot.php(68): CodeIgniter\Boot::runCodeIgniter(Object(CodeIgniter\CodeIgniter))
11 FCPATH\index.php(59): CodeIgniter\Boot::bootWeb(Object(Config\Paths))
CRITICAL - 2025-11-20 07:31:32 --> ErrorException: Undefined variable $careers
[Method: GET, Route: users/edit/1]
in APPPATH\Views\users\edit.php on line 17.
 1 APPPATH\Views\users\edit.php(17): CodeIgniter\Debug\Exceptions->errorHandler(2, 'Undefined variable $careers', 'C:\\xampp\\htdocs\\ISW-613\\framework\\codeigniter4-framework-v4.6.3-0-g68d1a58\\codeigniter4-framework-68d1a58\\app\\Views\\users\\edit.php', 17)
 2 SYSTEMPATH\View\View.php(226): include('C:\\xampp\\htdocs\\ISW-613\\framework\\codeigniter4-framework-v4.6.3-0-g68d1a58\\codeigniter4-framework-68d1a58\\app\\Views\\users\\edit.php')
 3 SYSTEMPATH\View\View.php(229): CodeIgniter\View\View->CodeIgniter\View\{closure}()
 4 SYSTEMPATH\Common.php(1167): CodeIgniter\View\View->render('users/edit', [], true)
 5 APPPATH\Controllers\User.php(41): view('users/edit', [...])
 6 SYSTEMPATH\CodeIgniter.php(933): App\Controllers\User->edit('1')
 7 SYSTEMPATH\CodeIgniter.php(507): CodeIgniter\CodeIgniter->runController(Object(App\Controllers\User))
 8 SYSTEMPATH\CodeIgniter.php(354): CodeIgniter\CodeIgniter->handleRequest(null, Object(Config\Cache), false)
 9 SYSTEMPATH\Boot.php(363): CodeIgniter\CodeIgniter->run()
10 SYSTEMPATH\Boot.php(68): CodeIgniter\Boot::runCodeIgniter(Object(CodeIgniter\CodeIgniter))
11 FCPATH\index.php(59): CodeIgniter\Boot::bootWeb(Object(Config\Paths))
CRITICAL - 2025-11-20 07:31:39 --> ErrorException: Undefined variable $careers
[Method: GET, Route: users/edit/1]
in APPPATH\Views\users\edit.php on line 17.
 1 APPPATH\Views\users\edit.php(17): CodeIgniter\Debug\Exceptions->errorHandler(2, 'Undefined variable $careers', 'C:\\xampp\\htdocs\\ISW-613\\framework\\codeigniter4-framework-v4.6.3-0-g68d1a58\\codeigniter4-framework-68d1a58\\app\\Views\\users\\edit.php', 17)
 2 SYSTEMPATH\View\View.php(226): include('C:\\xampp\\htdocs\\ISW-613\\framework\\codeigniter4-framework-v4.6.3-0-g68d1a58\\codeigniter4-framework-68d1a58\\app\\Views\\users\\edit.php')
 3 SYSTEMPATH\View\View.php(229): CodeIgniter\View\View->CodeIgniter\View\{closure}()
 4 SYSTEMPATH\Common.php(1167): CodeIgniter\View\View->render('users/edit', [], true)
 5 APPPATH\Controllers\User.php(41): view('users/edit', [...])
 6 SYSTEMPATH\CodeIgniter.php(933): App\Controllers\User->edit('1')
 7 SYSTEMPATH\CodeIgniter.php(507): CodeIgniter\CodeIgniter->runController(Object(App\Controllers\User))
 8 SYSTEMPATH\CodeIgniter.php(354): CodeIgniter\CodeIgniter->handleRequest(null, Object(Config\Cache), false)
 9 SYSTEMPATH\Boot.php(363): CodeIgniter\CodeIgniter->run()
10 SYSTEMPATH\Boot.php(68): CodeIgniter\Boot::runCodeIgniter(Object(CodeIgniter\CodeIgniter))
11 FCPATH\index.php(59): CodeIgniter\Boot::bootWeb(Object(Config\Paths))
