ERROR - 2025-11-23 21:09:25 --> mysqli_sql_exception: Table 'users' already exists in C:\xampp\htdocs\ISW-613\framework\codeigniter4-framework-v4.6.3-0-g68d1a58\codeigniter4-framework-68d1a58\system\Database\MySQLi\Connection.php:327
Stack trace:
#0 C:\xampp\htdocs\ISW-613\framework\codeigniter4-framework-v4.6.3-0-g68d1a58\codeigniter4-framework-68d1a58\system\Database\MySQLi\Connection.php(327): mysqli->query('CREATE TABLE `u...', 0)
#1 C:\xampp\htdocs\ISW-613\framework\codeigniter4-framework-v4.6.3-0-g68d1a58\codeigniter4-framework-68d1a58\system\Database\BaseConnection.php(729): CodeIgniter\Database\MySQLi\Connection->execute('CREATE TABLE `u...')
#2 C:\xampp\htdocs\ISW-613\framework\codeigniter4-framework-v4.6.3-0-g68d1a58\codeigniter4-framework-68d1a58\system\Database\BaseConnection.php(646): CodeIgniter\Database\BaseConnection->simpleQuery('CREATE TABLE `u...')
#3 C:\xampp\htdocs\ISW-613\framework\codeigniter4-framework-v4.6.3-0-g68d1a58\codeigniter4-framework-68d1a58\system\Database\Forge.php(570): CodeIgniter\Database\BaseConnection->query('CREATE TABLE `u...')
#4 C:\xampp\htdocs\ISW-613\framework\codeigniter4-framework-v4.6.3-0-g68d1a58\codeigniter4-framework-68d1a58\app\Database\Migrations\2025-11-23-210705_CreateUsersTable.php(41): CodeIgniter\Database\Forge->createTable('users')
#5 C:\xampp\htdocs\ISW-613\framework\codeigniter4-framework-v4.6.3-0-g68d1a58\codeigniter4-framework-68d1a58\system\Database\MigrationRunner.php(876): App\Database\Migrations\CreateUsersTable->up()
#6 C:\xampp\htdocs\ISW-613\framework\codeigniter4-framework-v4.6.3-0-g68d1a58\codeigniter4-framework-68d1a58\system\Database\MigrationRunner.php(182): CodeIgniter\Database\MigrationRunner->migrate('up', Object(stdClass))
#7 C:\xampp\htdocs\ISW-613\framework\codeigniter4-framework-v4.6.3-0-g68d1a58\codeigniter4-framework-68d1a58\system\Commands\Database\Migrate.php(85): CodeIgniter\Database\MigrationRunner->latest(NULL)
#8 C:\xampp\htdocs\ISW-613\framework\codeigniter4-framework-v4.6.3-0-g68d1a58\codeigniter4-framework-68d1a58\system\CLI\Commands.php(74): CodeIgniter\Commands\Database\Migrate->run(Array)
#9 C:\xampp\htdocs\ISW-613\framework\codeigniter4-framework-v4.6.3-0-g68d1a58\codeigniter4-framework-68d1a58\system\CLI\Console.php(47): CodeIgniter\CLI\Commands->run('migrate', Array)
#10 C:\xampp\htdocs\ISW-613\framework\codeigniter4-framework-v4.6.3-0-g68d1a58\codeigniter4-framework-68d1a58\system\Boot.php(388): CodeIgniter\CLI\Console->run()
#11 C:\xampp\htdocs\ISW-613\framework\codeigniter4-framework-v4.6.3-0-g68d1a58\codeigniter4-framework-68d1a58\system\Boot.php(133): CodeIgniter\Boot::runCommand(Object(CodeIgniter\CLI\Console))
#12 C:\xampp\htdocs\ISW-613\framework\codeigniter4-framework-v4.6.3-0-g68d1a58\codeigniter4-framework-68d1a58\spark(87): CodeIgniter\Boot::bootSpark(Object(Config\Paths))
#13 {main}
ERROR - 2025-11-23 21:10:28 --> mysqli_sql_exception: Table 'users' already exists in C:\xampp\htdocs\ISW-613\framework\codeigniter4-framework-v4.6.3-0-g68d1a58\codeigniter4-framework-68d1a58\system\Database\MySQLi\Connection.php:327
Stack trace:
#0 C:\xampp\htdocs\ISW-613\framework\codeigniter4-framework-v4.6.3-0-g68d1a58\codeigniter4-framework-68d1a58\system\Database\MySQLi\Connection.php(327): mysqli->query('CREATE TABLE `u...', 0)
#1 C:\xampp\htdocs\ISW-613\framework\codeigniter4-framework-v4.6.3-0-g68d1a58\codeigniter4-framework-68d1a58\system\Database\BaseConnection.php(729): CodeIgniter\Database\MySQLi\Connection->execute('CREATE TABLE `u...')
#2 C:\xampp\htdocs\ISW-613\framework\codeigniter4-framework-v4.6.3-0-g68d1a58\codeigniter4-framework-68d1a58\system\Database\BaseConnection.php(646): CodeIgniter\Database\BaseConnection->simpleQuery('CREATE TABLE `u...')
#3 C:\xampp\htdocs\ISW-613\framework\codeigniter4-framework-v4.6.3-0-g68d1a58\codeigniter4-framework-68d1a58\system\Database\Forge.php(570): CodeIgniter\Database\BaseConnection->query('CREATE TABLE `u...')
#4 C:\xampp\htdocs\ISW-613\framework\codeigniter4-framework-v4.6.3-0-g68d1a58\codeigniter4-framework-68d1a58\app\Database\Migrations\2025-11-23-210705_CreateUsersTable.php(41): CodeIgniter\Database\Forge->createTable('users')
#5 C:\xampp\htdocs\ISW-613\framework\codeigniter4-framework-v4.6.3-0-g68d1a58\codeigniter4-framework-68d1a58\system\Database\MigrationRunner.php(876): App\Database\Migrations\CreateUsersTable->up()
#6 C:\xampp\htdocs\ISW-613\framework\codeigniter4-framework-v4.6.3-0-g68d1a58\codeigniter4-framework-68d1a58\system\Database\MigrationRunner.php(182): CodeIgniter\Database\MigrationRunner->migrate('up', Object(stdClass))
#7 C:\xampp\htdocs\ISW-613\framework\codeigniter4-framework-v4.6.3-0-g68d1a58\codeigniter4-framework-68d1a58\system\Commands\Database\Migrate.php(85): CodeIgniter\Database\MigrationRunner->latest(NULL)
#8 C:\xampp\htdocs\ISW-613\framework\codeigniter4-framework-v4.6.3-0-g68d1a58\codeigniter4-framework-68d1a58\system\CLI\Commands.php(74): CodeIgniter\Commands\Database\Migrate->run(Array)
#9 C:\xampp\htdocs\ISW-613\framework\codeigniter4-framework-v4.6.3-0-g68d1a58\codeigniter4-framework-68d1a58\system\CLI\BaseCommand.php(119): CodeIgniter\CLI\Commands->run('migrate', Array)
#10 C:\xampp\htdocs\ISW-613\framework\codeigniter4-framework-v4.6.3-0-g68d1a58\codeigniter4-framework-68d1a58\system\Commands\Database\MigrateRefresh.php(87): CodeIgniter\CLI\BaseCommand->call('migrate', Array)
#11 C:\xampp\htdocs\ISW-613\framework\codeigniter4-framework-v4.6.3-0-g68d1a58\codeigniter4-framework-68d1a58\system\CLI\Commands.php(74): CodeIgniter\Commands\Database\MigrateRefresh->run(Array)
#12 C:\xampp\htdocs\ISW-613\framework\codeigniter4-framework-v4.6.3-0-g68d1a58\codeigniter4-framework-68d1a58\system\CLI\Console.php(47): CodeIgniter\CLI\Commands->run('migrate:refresh', Array)
#13 C:\xampp\htdocs\ISW-613\framework\codeigniter4-framework-v4.6.3-0-g68d1a58\codeigniter4-framework-68d1a58\system\Boot.php(388): CodeIgniter\CLI\Console->run()
#14 C:\xampp\htdocs\ISW-613\framework\codeigniter4-framework-v4.6.3-0-g68d1a58\codeigniter4-framework-68d1a58\system\Boot.php(133): CodeIgniter\Boot::runCommand(Object(CodeIgniter\CLI\Console))
#15 C:\xampp\htdocs\ISW-613\framework\codeigniter4-framework-v4.6.3-0-g68d1a58\codeigniter4-framework-68d1a58\spark(87): CodeIgniter\Boot::bootSpark(Object(Config\Paths))
#16 {main}
ERROR - 2025-11-23 21:11:48 --> mysqli_sql_exception: Table 'users' already exists in C:\xampp\htdocs\ISW-613\framework\codeigniter4-framework-v4.6.3-0-g68d1a58\codeigniter4-framework-68d1a58\system\Database\MySQLi\Connection.php:327
Stack trace:
#0 C:\xampp\htdocs\ISW-613\framework\codeigniter4-framework-v4.6.3-0-g68d1a58\codeigniter4-framework-68d1a58\system\Database\MySQLi\Connection.php(327): mysqli->query('CREATE TABLE `u...', 0)
#1 C:\xampp\htdocs\ISW-613\framework\codeigniter4-framework-v4.6.3-0-g68d1a58\codeigniter4-framework-68d1a58\system\Database\BaseConnection.php(729): CodeIgniter\Database\MySQLi\Connection->execute('CREATE TABLE `u...')
#2 C:\xampp\htdocs\ISW-613\framework\codeigniter4-framework-v4.6.3-0-g68d1a58\codeigniter4-framework-68d1a58\system\Database\BaseConnection.php(646): CodeIgniter\Database\BaseConnection->simpleQuery('CREATE TABLE `u...')
#3 C:\xampp\htdocs\ISW-613\framework\codeigniter4-framework-v4.6.3-0-g68d1a58\codeigniter4-framework-68d1a58\system\Database\Forge.php(570): CodeIgniter\Database\BaseConnection->query('CREATE TABLE `u...')
#4 C:\xampp\htdocs\ISW-613\framework\codeigniter4-framework-v4.6.3-0-g68d1a58\codeigniter4-framework-68d1a58\app\Database\Migrations\2025-11-23-210705_CreateUsersTable.php(41): CodeIgniter\Database\Forge->createTable('users')
#5 C:\xampp\htdocs\ISW-613\framework\codeigniter4-framework-v4.6.3-0-g68d1a58\codeigniter4-framework-68d1a58\system\Database\MigrationRunner.php(876): App\Database\Migrations\CreateUsersTable->up()
#6 C:\xampp\htdocs\ISW-613\framework\codeigniter4-framework-v4.6.3-0-g68d1a58\codeigniter4-framework-68d1a58\system\Database\MigrationRunner.php(182): CodeIgniter\Database\MigrationRunner->migrate('up', Object(stdClass))
#7 C:\xampp\htdocs\ISW-613\framework\codeigniter4-framework-v4.6.3-0-g68d1a58\codeigniter4-framework-68d1a58\system\Commands\Database\Migrate.php(85): CodeIgniter\Database\MigrationRunner->latest(NULL)
#8 C:\xampp\htdocs\ISW-613\framework\codeigniter4-framework-v4.6.3-0-g68d1a58\codeigniter4-framework-68d1a58\system\CLI\Commands.php(74): CodeIgniter\Commands\Database\Migrate->run(Array)
#9 C:\xampp\htdocs\ISW-613\framework\codeigniter4-framework-v4.6.3-0-g68d1a58\codeigniter4-framework-68d1a58\system\CLI\BaseCommand.php(119): CodeIgniter\CLI\Commands->run('migrate', Array)
#10 C:\xampp\htdocs\ISW-613\framework\codeigniter4-framework-v4.6.3-0-g68d1a58\codeigniter4-framework-68d1a58\system\Commands\Database\MigrateRefresh.php(87): CodeIgniter\CLI\BaseCommand->call('migrate', Array)
#11 C:\xampp\htdocs\ISW-613\framework\codeigniter4-framework-v4.6.3-0-g68d1a58\codeigniter4-framework-68d1a58\system\CLI\Commands.php(74): CodeIgniter\Commands\Database\MigrateRefresh->run(Array)
#12 C:\xampp\htdocs\ISW-613\framework\codeigniter4-framework-v4.6.3-0-g68d1a58\codeigniter4-framework-68d1a58\system\CLI\Console.php(47): CodeIgniter\CLI\Commands->run('migrate:refresh', Array)
#13 C:\xampp\htdocs\ISW-613\framework\codeigniter4-framework-v4.6.3-0-g68d1a58\codeigniter4-framework-68d1a58\system\Boot.php(388): CodeIgniter\CLI\Console->run()
#14 C:\xampp\htdocs\ISW-613\framework\codeigniter4-framework-v4.6.3-0-g68d1a58\codeigniter4-framework-68d1a58\system\Boot.php(133): CodeIgniter\Boot::runCommand(Object(CodeIgniter\CLI\Console))
#15 C:\xampp\htdocs\ISW-613\framework\codeigniter4-framework-v4.6.3-0-g68d1a58\codeigniter4-framework-68d1a58\spark(87): CodeIgniter\Boot::bootSpark(Object(Config\Paths))
#16 {main}
ERROR - 2025-11-23 21:13:45 --> mysqli_sql_exception: Can't create table `workshop6prueba`.`users` (errno: 150 "Foreign key constraint is incorrectly formed") in C:\xampp\htdocs\ISW-613\framework\codeigniter4-framework-v4.6.3-0-g68d1a58\codeigniter4-framework-68d1a58\system\Database\MySQLi\Connection.php:327
Stack trace:
#0 C:\xampp\htdocs\ISW-613\framework\codeigniter4-framework-v4.6.3-0-g68d1a58\codeigniter4-framework-68d1a58\system\Database\MySQLi\Connection.php(327): mysqli->query('CREATE TABLE `u...', 0)
#1 C:\xampp\htdocs\ISW-613\framework\codeigniter4-framework-v4.6.3-0-g68d1a58\codeigniter4-framework-68d1a58\system\Database\BaseConnection.php(729): CodeIgniter\Database\MySQLi\Connection->execute('CREATE TABLE `u...')
#2 C:\xampp\htdocs\ISW-613\framework\codeigniter4-framework-v4.6.3-0-g68d1a58\codeigniter4-framework-68d1a58\system\Database\BaseConnection.php(646): CodeIgniter\Database\BaseConnection->simpleQuery('CREATE TABLE `u...')
#3 C:\xampp\htdocs\ISW-613\framework\codeigniter4-framework-v4.6.3-0-g68d1a58\codeigniter4-framework-68d1a58\system\Database\Forge.php(570): CodeIgniter\Database\BaseConnection->query('CREATE TABLE `u...')
#4 C:\xampp\htdocs\ISW-613\framework\codeigniter4-framework-v4.6.3-0-g68d1a58\codeigniter4-framework-68d1a58\app\Database\Migrations\2025-11-23-210705_CreateUsersTable.php(41): CodeIgniter\Database\Forge->createTable('users')
#5 C:\xampp\htdocs\ISW-613\framework\codeigniter4-framework-v4.6.3-0-g68d1a58\codeigniter4-framework-68d1a58\system\Database\MigrationRunner.php(876): App\Database\Migrations\CreateUsersTable->up()
#6 C:\xampp\htdocs\ISW-613\framework\codeigniter4-framework-v4.6.3-0-g68d1a58\codeigniter4-framework-68d1a58\system\Database\MigrationRunner.php(182): CodeIgniter\Database\MigrationRunner->migrate('up', Object(stdClass))
#7 C:\xampp\htdocs\ISW-613\framework\codeigniter4-framework-v4.6.3-0-g68d1a58\codeigniter4-framework-68d1a58\system\Commands\Database\Migrate.php(85): CodeIgniter\Database\MigrationRunner->latest(NULL)
#8 C:\xampp\htdocs\ISW-613\framework\codeigniter4-framework-v4.6.3-0-g68d1a58\codeigniter4-framework-68d1a58\system\CLI\Commands.php(74): CodeIgniter\Commands\Database\Migrate->run(Array)
#9 C:\xampp\htdocs\ISW-613\framework\codeigniter4-framework-v4.6.3-0-g68d1a58\codeigniter4-framework-68d1a58\system\CLI\Console.php(47): CodeIgniter\CLI\Commands->run('migrate', Array)
#10 C:\xampp\htdocs\ISW-613\framework\codeigniter4-framework-v4.6.3-0-g68d1a58\codeigniter4-framework-68d1a58\system\Boot.php(388): CodeIgniter\CLI\Console->run()
#11 C:\xampp\htdocs\ISW-613\framework\codeigniter4-framework-v4.6.3-0-g68d1a58\codeigniter4-framework-68d1a58\system\Boot.php(133): CodeIgniter\Boot::runCommand(Object(CodeIgniter\CLI\Console))
#12 C:\xampp\htdocs\ISW-613\framework\codeigniter4-framework-v4.6.3-0-g68d1a58\codeigniter4-framework-68d1a58\spark(87): CodeIgniter\Boot::bootSpark(Object(Config\Paths))
#13 {main}
ERROR - 2025-11-23 21:15:32 --> mysqli_sql_exception: Can't create table `workshop6prueba`.`careers` (errno: 150 "Foreign key constraint is incorrectly formed") in C:\xampp\htdocs\ISW-613\framework\codeigniter4-framework-v4.6.3-0-g68d1a58\codeigniter4-framework-68d1a58\system\Database\MySQLi\Connection.php:327
Stack trace:
#0 C:\xampp\htdocs\ISW-613\framework\codeigniter4-framework-v4.6.3-0-g68d1a58\codeigniter4-framework-68d1a58\system\Database\MySQLi\Connection.php(327): mysqli->query('CREATE TABLE `c...', 0)
#1 C:\xampp\htdocs\ISW-613\framework\codeigniter4-framework-v4.6.3-0-g68d1a58\codeigniter4-framework-68d1a58\system\Database\BaseConnection.php(729): CodeIgniter\Database\MySQLi\Connection->execute('CREATE TABLE `c...')
#2 C:\xampp\htdocs\ISW-613\framework\codeigniter4-framework-v4.6.3-0-g68d1a58\codeigniter4-framework-68d1a58\system\Database\BaseConnection.php(646): CodeIgniter\Database\BaseConnection->simpleQuery('CREATE TABLE `c...')
#3 C:\xampp\htdocs\ISW-613\framework\codeigniter4-framework-v4.6.3-0-g68d1a58\codeigniter4-framework-68d1a58\system\Database\Forge.php(570): CodeIgniter\Database\BaseConnection->query('CREATE TABLE `c...')
#4 C:\xampp\htdocs\ISW-613\framework\codeigniter4-framework-v4.6.3-0-g68d1a58\codeigniter4-framework-68d1a58\app\Database\Migrations\2025-11-23-210705_CreateCareersTable.php(33): CodeIgniter\Database\Forge->createTable('careers')
#5 C:\xampp\htdocs\ISW-613\framework\codeigniter4-framework-v4.6.3-0-g68d1a58\codeigniter4-framework-68d1a58\system\Database\MigrationRunner.php(876): App\Database\Migrations\CreateCareersTable->up()
#6 C:\xampp\htdocs\ISW-613\framework\codeigniter4-framework-v4.6.3-0-g68d1a58\codeigniter4-framework-68d1a58\system\Database\MigrationRunner.php(182): CodeIgniter\Database\MigrationRunner->migrate('up', Object(stdClass))
#7 C:\xampp\htdocs\ISW-613\framework\codeigniter4-framework-v4.6.3-0-g68d1a58\codeigniter4-framework-68d1a58\system\Commands\Database\Migrate.php(85): CodeIgniter\Database\MigrationRunner->latest(NULL)
#8 C:\xampp\htdocs\ISW-613\framework\codeigniter4-framework-v4.6.3-0-g68d1a58\codeigniter4-framework-68d1a58\system\CLI\Commands.php(74): CodeIgniter\Commands\Database\Migrate->run(Array)
#9 C:\xampp\htdocs\ISW-613\framework\codeigniter4-framework-v4.6.3-0-g68d1a58\codeigniter4-framework-68d1a58\system\CLI\Console.php(47): CodeIgniter\CLI\Commands->run('migrate', Array)
#10 C:\xampp\htdocs\ISW-613\framework\codeigniter4-framework-v4.6.3-0-g68d1a58\codeigniter4-framework-68d1a58\system\Boot.php(388): CodeIgniter\CLI\Console->run()
#11 C:\xampp\htdocs\ISW-613\framework\codeigniter4-framework-v4.6.3-0-g68d1a58\codeigniter4-framework-68d1a58\system\Boot.php(133): CodeIgniter\Boot::runCommand(Object(CodeIgniter\CLI\Console))
#12 C:\xampp\htdocs\ISW-613\framework\codeigniter4-framework-v4.6.3-0-g68d1a58\codeigniter4-framework-68d1a58\spark(87): CodeIgniter\Boot::bootSpark(Object(Config\Paths))
#13 {main}
ERROR - 2025-11-23 21:16:03 --> mysqli_sql_exception: Can't create table `workshop6prueba`.`careers` (errno: 150 "Foreign key constraint is incorrectly formed") in C:\xampp\htdocs\ISW-613\framework\codeigniter4-framework-v4.6.3-0-g68d1a58\codeigniter4-framework-68d1a58\system\Database\MySQLi\Connection.php:327
Stack trace:
#0 C:\xampp\htdocs\ISW-613\framework\codeigniter4-framework-v4.6.3-0-g68d1a58\codeigniter4-framework-68d1a58\system\Database\MySQLi\Connection.php(327): mysqli->query('CREATE TABLE `c...', 0)
#1 C:\xampp\htdocs\ISW-613\framework\codeigniter4-framework-v4.6.3-0-g68d1a58\codeigniter4-framework-68d1a58\system\Database\BaseConnection.php(729): CodeIgniter\Database\MySQLi\Connection->execute('CREATE TABLE `c...')
#2 C:\xampp\htdocs\ISW-613\framework\codeigniter4-framework-v4.6.3-0-g68d1a58\codeigniter4-framework-68d1a58\system\Database\BaseConnection.php(646): CodeIgniter\Database\BaseConnection->simpleQuery('CREATE TABLE `c...')
#3 C:\xampp\htdocs\ISW-613\framework\codeigniter4-framework-v4.6.3-0-g68d1a58\codeigniter4-framework-68d1a58\system\Database\Forge.php(570): CodeIgniter\Database\BaseConnection->query('CREATE TABLE `c...')
#4 C:\xampp\htdocs\ISW-613\framework\codeigniter4-framework-v4.6.3-0-g68d1a58\codeigniter4-framework-68d1a58\app\Database\Migrations\2025-11-23-210700_CreateCareersTable.php(33): CodeIgniter\Database\Forge->createTable('careers')
#5 C:\xampp\htdocs\ISW-613\framework\codeigniter4-framework-v4.6.3-0-g68d1a58\codeigniter4-framework-68d1a58\system\Database\MigrationRunner.php(876): App\Database\Migrations\CreateCareersTable->up()
#6 C:\xampp\htdocs\ISW-613\framework\codeigniter4-framework-v4.6.3-0-g68d1a58\codeigniter4-framework-68d1a58\system\Database\MigrationRunner.php(182): CodeIgniter\Database\MigrationRunner->migrate('up', Object(stdClass))
#7 C:\xampp\htdocs\ISW-613\framework\codeigniter4-framework-v4.6.3-0-g68d1a58\codeigniter4-framework-68d1a58\system\Commands\Database\Migrate.php(85): CodeIgniter\Database\MigrationRunner->latest(NULL)
#8 C:\xampp\htdocs\ISW-613\framework\codeigniter4-framework-v4.6.3-0-g68d1a58\codeigniter4-framework-68d1a58\system\CLI\Commands.php(74): CodeIgniter\Commands\Database\Migrate->run(Array)
#9 C:\xampp\htdocs\ISW-613\framework\codeigniter4-framework-v4.6.3-0-g68d1a58\codeigniter4-framework-68d1a58\system\CLI\Console.php(47): CodeIgniter\CLI\Commands->run('migrate', Array)
#10 C:\xampp\htdocs\ISW-613\framework\codeigniter4-framework-v4.6.3-0-g68d1a58\codeigniter4-framework-68d1a58\system\Boot.php(388): CodeIgniter\CLI\Console->run()
#11 C:\xampp\htdocs\ISW-613\framework\codeigniter4-framework-v4.6.3-0-g68d1a58\codeigniter4-framework-68d1a58\system\Boot.php(133): CodeIgniter\Boot::runCommand(Object(CodeIgniter\CLI\Console))
#12 C:\xampp\htdocs\ISW-613\framework\codeigniter4-framework-v4.6.3-0-g68d1a58\codeigniter4-framework-68d1a58\spark(87): CodeIgniter\Boot::bootSpark(Object(Config\Paths))
#13 {main}
ERROR - 2025-11-23 21:18:18 --> mysqli_sql_exception: Can't create table `workshop6prueba`.`careers` (errno: 150 "Foreign key constraint is incorrectly formed") in C:\xampp\htdocs\ISW-613\framework\codeigniter4-framework-v4.6.3-0-g68d1a58\codeigniter4-framework-68d1a58\system\Database\MySQLi\Connection.php:327
Stack trace:
#0 C:\xampp\htdocs\ISW-613\framework\codeigniter4-framework-v4.6.3-0-g68d1a58\codeigniter4-framework-68d1a58\system\Database\MySQLi\Connection.php(327): mysqli->query('CREATE TABLE `c...', 0)
#1 C:\xampp\htdocs\ISW-613\framework\codeigniter4-framework-v4.6.3-0-g68d1a58\codeigniter4-framework-68d1a58\system\Database\BaseConnection.php(729): CodeIgniter\Database\MySQLi\Connection->execute('CREATE TABLE `c...')
#2 C:\xampp\htdocs\ISW-613\framework\codeigniter4-framework-v4.6.3-0-g68d1a58\codeigniter4-framework-68d1a58\system\Database\BaseConnection.php(646): CodeIgniter\Database\BaseConnection->simpleQuery('CREATE TABLE `c...')
#3 C:\xampp\htdocs\ISW-613\framework\codeigniter4-framework-v4.6.3-0-g68d1a58\codeigniter4-framework-68d1a58\system\Database\Forge.php(570): CodeIgniter\Database\BaseConnection->query('CREATE TABLE `c...')
#4 C:\xampp\htdocs\ISW-613\framework\codeigniter4-framework-v4.6.3-0-g68d1a58\codeigniter4-framework-68d1a58\app\Database\Migrations\2025-11-23-210700_CreateCareersTable.php(33): CodeIgniter\Database\Forge->createTable('careers')
#5 C:\xampp\htdocs\ISW-613\framework\codeigniter4-framework-v4.6.3-0-g68d1a58\codeigniter4-framework-68d1a58\system\Database\MigrationRunner.php(876): App\Database\Migrations\CreateCareersTable->up()
#6 C:\xampp\htdocs\ISW-613\framework\codeigniter4-framework-v4.6.3-0-g68d1a58\codeigniter4-framework-68d1a58\system\Database\MigrationRunner.php(182): CodeIgniter\Database\MigrationRunner->migrate('up', Object(stdClass))
#7 C:\xampp\htdocs\ISW-613\framework\codeigniter4-framework-v4.6.3-0-g68d1a58\codeigniter4-framework-68d1a58\system\Commands\Database\Migrate.php(85): CodeIgniter\Database\MigrationRunner->latest(NULL)
#8 C:\xampp\htdocs\ISW-613\framework\codeigniter4-framework-v4.6.3-0-g68d1a58\codeigniter4-framework-68d1a58\system\CLI\Commands.php(74): CodeIgniter\Commands\Database\Migrate->run(Array)
#9 C:\xampp\htdocs\ISW-613\framework\codeigniter4-framework-v4.6.3-0-g68d1a58\codeigniter4-framework-68d1a58\system\CLI\Console.php(47): CodeIgniter\CLI\Commands->run('migrate', Array)
#10 C:\xampp\htdocs\ISW-613\framework\codeigniter4-framework-v4.6.3-0-g68d1a58\codeigniter4-framework-68d1a58\system\Boot.php(388): CodeIgniter\CLI\Console->run()
#11 C:\xampp\htdocs\ISW-613\framework\codeigniter4-framework-v4.6.3-0-g68d1a58\codeigniter4-framework-68d1a58\system\Boot.php(133): CodeIgniter\Boot::runCommand(Object(CodeIgniter\CLI\Console))
#12 C:\xampp\htdocs\ISW-613\framework\codeigniter4-framework-v4.6.3-0-g68d1a58\codeigniter4-framework-68d1a58\spark(87): CodeIgniter\Boot::bootSpark(Object(Config\Paths))
#13 {main}
ERROR - 2025-11-23 21:18:56 --> mysqli_sql_exception: Can't create table `workshop6prueba`.`careers` (errno: 150 "Foreign key constraint is incorrectly formed") in C:\xampp\htdocs\ISW-613\framework\codeigniter4-framework-v4.6.3-0-g68d1a58\codeigniter4-framework-68d1a58\system\Database\MySQLi\Connection.php:327
Stack trace:
#0 C:\xampp\htdocs\ISW-613\framework\codeigniter4-framework-v4.6.3-0-g68d1a58\codeigniter4-framework-68d1a58\system\Database\MySQLi\Connection.php(327): mysqli->query('CREATE TABLE `c...', 0)
#1 C:\xampp\htdocs\ISW-613\framework\codeigniter4-framework-v4.6.3-0-g68d1a58\codeigniter4-framework-68d1a58\system\Database\BaseConnection.php(729): CodeIgniter\Database\MySQLi\Connection->execute('CREATE TABLE `c...')
#2 C:\xampp\htdocs\ISW-613\framework\codeigniter4-framework-v4.6.3-0-g68d1a58\codeigniter4-framework-68d1a58\system\Database\BaseConnection.php(646): CodeIgniter\Database\BaseConnection->simpleQuery('CREATE TABLE `c...')
#3 C:\xampp\htdocs\ISW-613\framework\codeigniter4-framework-v4.6.3-0-g68d1a58\codeigniter4-framework-68d1a58\system\Database\Forge.php(570): CodeIgniter\Database\BaseConnection->query('CREATE TABLE `c...')
#4 C:\xampp\htdocs\ISW-613\framework\codeigniter4-framework-v4.6.3-0-g68d1a58\codeigniter4-framework-68d1a58\app\Database\Migrations\2025-11-23-210700_CreateCareersTable.php(33): CodeIgniter\Database\Forge->createTable('careers')
#5 C:\xampp\htdocs\ISW-613\framework\codeigniter4-framework-v4.6.3-0-g68d1a58\codeigniter4-framework-68d1a58\system\Database\MigrationRunner.php(876): App\Database\Migrations\CreateCareersTable->up()
#6 C:\xampp\htdocs\ISW-613\framework\codeigniter4-framework-v4.6.3-0-g68d1a58\codeigniter4-framework-68d1a58\system\Database\MigrationRunner.php(182): CodeIgniter\Database\MigrationRunner->migrate('up', Object(stdClass))
#7 C:\xampp\htdocs\ISW-613\framework\codeigniter4-framework-v4.6.3-0-g68d1a58\codeigniter4-framework-68d1a58\system\Commands\Database\Migrate.php(85): CodeIgniter\Database\MigrationRunner->latest(NULL)
#8 C:\xampp\htdocs\ISW-613\framework\codeigniter4-framework-v4.6.3-0-g68d1a58\codeigniter4-framework-68d1a58\system\CLI\Commands.php(74): CodeIgniter\Commands\Database\Migrate->run(Array)
#9 C:\xampp\htdocs\ISW-613\framework\codeigniter4-framework-v4.6.3-0-g68d1a58\codeigniter4-framework-68d1a58\system\CLI\Console.php(47): CodeIgniter\CLI\Commands->run('migrate', Array)
#10 C:\xampp\htdocs\ISW-613\framework\codeigniter4-framework-v4.6.3-0-g68d1a58\codeigniter4-framework-68d1a58\system\Boot.php(388): CodeIgniter\CLI\Console->run()
#11 C:\xampp\htdocs\ISW-613\framework\codeigniter4-framework-v4.6.3-0-g68d1a58\codeigniter4-framework-68d1a58\system\Boot.php(133): CodeIgniter\Boot::runCommand(Object(CodeIgniter\CLI\Console))
#12 C:\xampp\htdocs\ISW-613\framework\codeigniter4-framework-v4.6.3-0-g68d1a58\codeigniter4-framework-68d1a58\spark(87): CodeIgniter\Boot::bootSpark(Object(Config\Paths))
#13 {main}
