ERROR - 2025-11-18 15:05:01 --> Error connecting to the database: mysqli_sql_exception: No se puede establecer una conexión ya que el equipo de destino denegó expresamente dicha conexión in C:\xampp\htdocs\ISW-613\framework\codeigniter4-framework-v4.6.3-0-g68d1a58\codeigniter4-framework-68d1a58\system\Database\MySQLi\Connection.php:201
Stack trace:
#0 C:\xampp\htdocs\ISW-613\framework\codeigniter4-framework-v4.6.3-0-g68d1a58\codeigniter4-framework-68d1a58\system\Database\MySQLi\Connection.php(201): mysqli->real_connect('localhost', 'root', Object(SensitiveParameterValue), 'aventones', 3306, '', 0)
#1 C:\xampp\htdocs\ISW-613\framework\codeigniter4-framework-v4.6.3-0-g68d1a58\codeigniter4-framework-68d1a58\system\Database\BaseConnection.php(419): CodeIgniter\Database\MySQLi\Connection->connect(false)
#2 C:\xampp\htdocs\ISW-613\framework\codeigniter4-framework-v4.6.3-0-g68d1a58\codeigniter4-framework-68d1a58\system\Database\BaseConnection.php(614): CodeIgniter\Database\BaseConnection->initialize()
#3 C:\xampp\htdocs\ISW-613\framework\codeigniter4-framework-v4.6.3-0-g68d1a58\codeigniter4-framework-68d1a58\app\Controllers\Test.php(13): CodeIgniter\Database\BaseConnection->query('SELECT * FROM u...')
#4 C:\xampp\htdocs\ISW-613\framework\codeigniter4-framework-v4.6.3-0-g68d1a58\codeigniter4-framework-68d1a58\system\CodeIgniter.php(933): App\Controllers\Test->index()
#5 C:\xampp\htdocs\ISW-613\framework\codeigniter4-framework-v4.6.3-0-g68d1a58\codeigniter4-framework-68d1a58\system\CodeIgniter.php(507): CodeIgniter\CodeIgniter->runController(Object(App\Controllers\Test))
#6 C:\xampp\htdocs\ISW-613\framework\codeigniter4-framework-v4.6.3-0-g68d1a58\codeigniter4-framework-68d1a58\system\CodeIgniter.php(354): CodeIgniter\CodeIgniter->handleRequest(NULL, Object(Config\Cache), false)
#7 C:\xampp\htdocs\ISW-613\framework\codeigniter4-framework-v4.6.3-0-g68d1a58\codeigniter4-framework-68d1a58\system\Boot.php(363): CodeIgniter\CodeIgniter->run()
#8 C:\xampp\htdocs\ISW-613\framework\codeigniter4-framework-v4.6.3-0-g68d1a58\codeigniter4-framework-68d1a58\system\Boot.php(68): CodeIgniter\Boot::runCodeIgniter(Object(CodeIgniter\CodeIgniter))
#9 C:\xampp\htdocs\ISW-613\framework\codeigniter4-framework-v4.6.3-0-g68d1a58\codeigniter4-framework-68d1a58\public\index.php(59): CodeIgniter\Boot::bootWeb(Object(Config\Paths))
#10 {main}

Next CodeIgniter\Database\Exceptions\DatabaseException: No se puede establecer una conexión ya que el equipo de destino denegó expresamente dicha conexión in C:\xampp\htdocs\ISW-613\framework\codeigniter4-framework-v4.6.3-0-g68d1a58\codeigniter4-framework-68d1a58\system\Database\MySQLi\Connection.php:246
Stack trace:
#0 C:\xampp\htdocs\ISW-613\framework\codeigniter4-framework-v4.6.3-0-g68d1a58\codeigniter4-framework-68d1a58\system\Database\BaseConnection.php(419): CodeIgniter\Database\MySQLi\Connection->connect(false)
#1 C:\xampp\htdocs\ISW-613\framework\codeigniter4-framework-v4.6.3-0-g68d1a58\codeigniter4-framework-68d1a58\system\Database\BaseConnection.php(614): CodeIgniter\Database\BaseConnection->initialize()
#2 C:\xampp\htdocs\ISW-613\framework\codeigniter4-framework-v4.6.3-0-g68d1a58\codeigniter4-framework-68d1a58\app\Controllers\Test.php(13): CodeIgniter\Database\BaseConnection->query('SELECT * FROM u...')
#3 C:\xampp\htdocs\ISW-613\framework\codeigniter4-framework-v4.6.3-0-g68d1a58\codeigniter4-framework-68d1a58\system\CodeIgniter.php(933): App\Controllers\Test->index()
#4 C:\xampp\htdocs\ISW-613\framework\codeigniter4-framework-v4.6.3-0-g68d1a58\codeigniter4-framework-68d1a58\system\CodeIgniter.php(507): CodeIgniter\CodeIgniter->runController(Object(App\Controllers\Test))
#5 C:\xampp\htdocs\ISW-613\framework\codeigniter4-framework-v4.6.3-0-g68d1a58\codeigniter4-framework-68d1a58\system\CodeIgniter.php(354): CodeIgniter\CodeIgniter->handleRequest(NULL, Object(Config\Cache), false)
#6 C:\xampp\htdocs\ISW-613\framework\codeigniter4-framework-v4.6.3-0-g68d1a58\codeigniter4-framework-68d1a58\system\Boot.php(363): CodeIgniter\CodeIgniter->run()
#7 C:\xampp\htdocs\ISW-613\framework\codeigniter4-framework-v4.6.3-0-g68d1a58\codeigniter4-framework-68d1a58\system\Boot.php(68): CodeIgniter\Boot::runCodeIgniter(Object(CodeIgniter\CodeIgniter))
#8 C:\xampp\htdocs\ISW-613\framework\codeigniter4-framework-v4.6.3-0-g68d1a58\codeigniter4-framework-68d1a58\public\index.php(59): CodeIgniter\Boot::bootWeb(Object(Config\Paths))
#9 {main}
CRITICAL - 2025-11-18 15:05:01 --> CodeIgniter\Database\Exceptions\DatabaseException: Unable to connect to the database.
Main connection [MySQLi]: No se puede establecer una conexión ya que el equipo de destino denegó expresamente dicha conexión
[Method: GET, Route: test]
in SYSTEMPATH\Database\BaseConnection.php on line 465.
 1 SYSTEMPATH\Database\BaseConnection.php(614): CodeIgniter\Database\BaseConnection->initialize()
 2 APPPATH\Controllers\Test.php(13): CodeIgniter\Database\BaseConnection->query('SELECT * FROM users')
 3 SYSTEMPATH\CodeIgniter.php(933): App\Controllers\Test->index()
 4 SYSTEMPATH\CodeIgniter.php(507): CodeIgniter\CodeIgniter->runController(Object(App\Controllers\Test))
 5 SYSTEMPATH\CodeIgniter.php(354): CodeIgniter\CodeIgniter->handleRequest(null, Object(Config\Cache), false)
 6 SYSTEMPATH\Boot.php(363): CodeIgniter\CodeIgniter->run()
 7 SYSTEMPATH\Boot.php(68): CodeIgniter\Boot::runCodeIgniter(Object(CodeIgniter\CodeIgniter))
 8 FCPATH\index.php(59): CodeIgniter\Boot::bootWeb(Object(Config\Paths))
ERROR - 2025-11-18 15:13:14 --> Error connecting to the database: mysqli_sql_exception: No se puede establecer una conexión ya que el equipo de destino denegó expresamente dicha conexión in C:\xampp\htdocs\ISW-613\framework\codeigniter4-framework-v4.6.3-0-g68d1a58\codeigniter4-framework-68d1a58\system\Database\MySQLi\Connection.php:201
Stack trace:
#0 C:\xampp\htdocs\ISW-613\framework\codeigniter4-framework-v4.6.3-0-g68d1a58\codeigniter4-framework-68d1a58\system\Database\MySQLi\Connection.php(201): mysqli->real_connect('localhost', 'root', Object(SensitiveParameterValue), 'aventones', 3306, '', 0)
#1 C:\xampp\htdocs\ISW-613\framework\codeigniter4-framework-v4.6.3-0-g68d1a58\codeigniter4-framework-68d1a58\system\Database\BaseConnection.php(419): CodeIgniter\Database\MySQLi\Connection->connect(false)
#2 C:\xampp\htdocs\ISW-613\framework\codeigniter4-framework-v4.6.3-0-g68d1a58\codeigniter4-framework-68d1a58\system\Database\BaseConnection.php(614): CodeIgniter\Database\BaseConnection->initialize()
#3 C:\xampp\htdocs\ISW-613\framework\codeigniter4-framework-v4.6.3-0-g68d1a58\codeigniter4-framework-68d1a58\system\Database\BaseBuilder.php(1649): CodeIgniter\Database\BaseConnection->query('SELECT *\nFROM `...', Array, false)
#4 C:\xampp\htdocs\ISW-613\framework\codeigniter4-framework-v4.6.3-0-g68d1a58\codeigniter4-framework-68d1a58\system\Model.php(286): CodeIgniter\Database\BaseBuilder->get()
#5 C:\xampp\htdocs\ISW-613\framework\codeigniter4-framework-v4.6.3-0-g68d1a58\codeigniter4-framework-68d1a58\system\BaseModel.php(677): CodeIgniter\Model->doFindAll(0, 0)
#6 C:\xampp\htdocs\ISW-613\framework\codeigniter4-framework-v4.6.3-0-g68d1a58\codeigniter4-framework-68d1a58\app\Controllers\User.php(13): CodeIgniter\BaseModel->findAll()
#7 C:\xampp\htdocs\ISW-613\framework\codeigniter4-framework-v4.6.3-0-g68d1a58\codeigniter4-framework-68d1a58\system\CodeIgniter.php(933): App\Controllers\User->index()
#8 C:\xampp\htdocs\ISW-613\framework\codeigniter4-framework-v4.6.3-0-g68d1a58\codeigniter4-framework-68d1a58\system\CodeIgniter.php(507): CodeIgniter\CodeIgniter->runController(Object(App\Controllers\User))
#9 C:\xampp\htdocs\ISW-613\framework\codeigniter4-framework-v4.6.3-0-g68d1a58\codeigniter4-framework-68d1a58\system\CodeIgniter.php(354): CodeIgniter\CodeIgniter->handleRequest(NULL, Object(Config\Cache), false)
#10 C:\xampp\htdocs\ISW-613\framework\codeigniter4-framework-v4.6.3-0-g68d1a58\codeigniter4-framework-68d1a58\system\Boot.php(363): CodeIgniter\CodeIgniter->run()
#11 C:\xampp\htdocs\ISW-613\framework\codeigniter4-framework-v4.6.3-0-g68d1a58\codeigniter4-framework-68d1a58\system\Boot.php(68): CodeIgniter\Boot::runCodeIgniter(Object(CodeIgniter\CodeIgniter))
#12 C:\xampp\htdocs\ISW-613\framework\codeigniter4-framework-v4.6.3-0-g68d1a58\codeigniter4-framework-68d1a58\public\index.php(59): CodeIgniter\Boot::bootWeb(Object(Config\Paths))
#13 {main}

Next CodeIgniter\Database\Exceptions\DatabaseException: No se puede establecer una conexión ya que el equipo de destino denegó expresamente dicha conexión in C:\xampp\htdocs\ISW-613\framework\codeigniter4-framework-v4.6.3-0-g68d1a58\codeigniter4-framework-68d1a58\system\Database\MySQLi\Connection.php:246
Stack trace:
#0 C:\xampp\htdocs\ISW-613\framework\codeigniter4-framework-v4.6.3-0-g68d1a58\codeigniter4-framework-68d1a58\system\Database\BaseConnection.php(419): CodeIgniter\Database\MySQLi\Connection->connect(false)
#1 C:\xampp\htdocs\ISW-613\framework\codeigniter4-framework-v4.6.3-0-g68d1a58\codeigniter4-framework-68d1a58\system\Database\BaseConnection.php(614): CodeIgniter\Database\BaseConnection->initialize()
#2 C:\xampp\htdocs\ISW-613\framework\codeigniter4-framework-v4.6.3-0-g68d1a58\codeigniter4-framework-68d1a58\system\Database\BaseBuilder.php(1649): CodeIgniter\Database\BaseConnection->query('SELECT *\nFROM `...', Array, false)
#3 C:\xampp\htdocs\ISW-613\framework\codeigniter4-framework-v4.6.3-0-g68d1a58\codeigniter4-framework-68d1a58\system\Model.php(286): CodeIgniter\Database\BaseBuilder->get()
#4 C:\xampp\htdocs\ISW-613\framework\codeigniter4-framework-v4.6.3-0-g68d1a58\codeigniter4-framework-68d1a58\system\BaseModel.php(677): CodeIgniter\Model->doFindAll(0, 0)
#5 C:\xampp\htdocs\ISW-613\framework\codeigniter4-framework-v4.6.3-0-g68d1a58\codeigniter4-framework-68d1a58\app\Controllers\User.php(13): CodeIgniter\BaseModel->findAll()
#6 C:\xampp\htdocs\ISW-613\framework\codeigniter4-framework-v4.6.3-0-g68d1a58\codeigniter4-framework-68d1a58\system\CodeIgniter.php(933): App\Controllers\User->index()
#7 C:\xampp\htdocs\ISW-613\framework\codeigniter4-framework-v4.6.3-0-g68d1a58\codeigniter4-framework-68d1a58\system\CodeIgniter.php(507): CodeIgniter\CodeIgniter->runController(Object(App\Controllers\User))
#8 C:\xampp\htdocs\ISW-613\framework\codeigniter4-framework-v4.6.3-0-g68d1a58\codeigniter4-framework-68d1a58\system\CodeIgniter.php(354): CodeIgniter\CodeIgniter->handleRequest(NULL, Object(Config\Cache), false)
#9 C:\xampp\htdocs\ISW-613\framework\codeigniter4-framework-v4.6.3-0-g68d1a58\codeigniter4-framework-68d1a58\system\Boot.php(363): CodeIgniter\CodeIgniter->run()
#10 C:\xampp\htdocs\ISW-613\framework\codeigniter4-framework-v4.6.3-0-g68d1a58\codeigniter4-framework-68d1a58\system\Boot.php(68): CodeIgniter\Boot::runCodeIgniter(Object(CodeIgniter\CodeIgniter))
#11 C:\xampp\htdocs\ISW-613\framework\codeigniter4-framework-v4.6.3-0-g68d1a58\codeigniter4-framework-68d1a58\public\index.php(59): CodeIgniter\Boot::bootWeb(Object(Config\Paths))
#12 {main}
CRITICAL - 2025-11-18 15:13:14 --> CodeIgniter\Database\Exceptions\DatabaseException: Unable to connect to the database.
Main connection [MySQLi]: No se puede establecer una conexión ya que el equipo de destino denegó expresamente dicha conexión
[Method: GET, Route: user]
in SYSTEMPATH\Database\BaseConnection.php on line 465.
 1 SYSTEMPATH\Database\BaseConnection.php(614): CodeIgniter\Database\BaseConnection->initialize()
 2 SYSTEMPATH\Database\BaseBuilder.php(1649): CodeIgniter\Database\BaseConnection->query('SELECT *
FROM `users`', [], false)
 3 SYSTEMPATH\Model.php(286): CodeIgniter\Database\BaseBuilder->get()
 4 SYSTEMPATH\BaseModel.php(677): CodeIgniter\Model->doFindAll(0, 0)
 5 APPPATH\Controllers\User.php(13): CodeIgniter\BaseModel->findAll()
 6 SYSTEMPATH\CodeIgniter.php(933): App\Controllers\User->index()
 7 SYSTEMPATH\CodeIgniter.php(507): CodeIgniter\CodeIgniter->runController(Object(App\Controllers\User))
 8 SYSTEMPATH\CodeIgniter.php(354): CodeIgniter\CodeIgniter->handleRequest(null, Object(Config\Cache), false)
 9 SYSTEMPATH\Boot.php(363): CodeIgniter\CodeIgniter->run()
10 SYSTEMPATH\Boot.php(68): CodeIgniter\Boot::runCodeIgniter(Object(CodeIgniter\CodeIgniter))
11 FCPATH\index.php(59): CodeIgniter\Boot::bootWeb(Object(Config\Paths))
ERROR - 2025-11-18 15:20:47 --> Error connecting to the database: mysqli_sql_exception: No se puede establecer una conexión ya que el equipo de destino denegó expresamente dicha conexión in C:\xampp\htdocs\ISW-613\framework\codeigniter4-framework-v4.6.3-0-g68d1a58\codeigniter4-framework-68d1a58\system\Database\MySQLi\Connection.php:201
Stack trace:
#0 C:\xampp\htdocs\ISW-613\framework\codeigniter4-framework-v4.6.3-0-g68d1a58\codeigniter4-framework-68d1a58\system\Database\MySQLi\Connection.php(201): mysqli->real_connect('localhost', 'root', Object(SensitiveParameterValue), 'aventones', 3306, '', 0)
#1 C:\xampp\htdocs\ISW-613\framework\codeigniter4-framework-v4.6.3-0-g68d1a58\codeigniter4-framework-68d1a58\system\Database\BaseConnection.php(419): CodeIgniter\Database\MySQLi\Connection->connect(false)
#2 C:\xampp\htdocs\ISW-613\framework\codeigniter4-framework-v4.6.3-0-g68d1a58\codeigniter4-framework-68d1a58\system\Database\BaseConnection.php(614): CodeIgniter\Database\BaseConnection->initialize()
#3 C:\xampp\htdocs\ISW-613\framework\codeigniter4-framework-v4.6.3-0-g68d1a58\codeigniter4-framework-68d1a58\system\Database\BaseBuilder.php(1649): CodeIgniter\Database\BaseConnection->query('SELECT *\nFROM `...', Array, false)
#4 C:\xampp\htdocs\ISW-613\framework\codeigniter4-framework-v4.6.3-0-g68d1a58\codeigniter4-framework-68d1a58\system\Model.php(286): CodeIgniter\Database\BaseBuilder->get()
#5 C:\xampp\htdocs\ISW-613\framework\codeigniter4-framework-v4.6.3-0-g68d1a58\codeigniter4-framework-68d1a58\system\BaseModel.php(677): CodeIgniter\Model->doFindAll(0, 0)
#6 C:\xampp\htdocs\ISW-613\framework\codeigniter4-framework-v4.6.3-0-g68d1a58\codeigniter4-framework-68d1a58\app\Controllers\User.php(13): CodeIgniter\BaseModel->findAll()
#7 C:\xampp\htdocs\ISW-613\framework\codeigniter4-framework-v4.6.3-0-g68d1a58\codeigniter4-framework-68d1a58\system\CodeIgniter.php(933): App\Controllers\User->index()
#8 C:\xampp\htdocs\ISW-613\framework\codeigniter4-framework-v4.6.3-0-g68d1a58\codeigniter4-framework-68d1a58\system\CodeIgniter.php(507): CodeIgniter\CodeIgniter->runController(Object(App\Controllers\User))
#9 C:\xampp\htdocs\ISW-613\framework\codeigniter4-framework-v4.6.3-0-g68d1a58\codeigniter4-framework-68d1a58\system\CodeIgniter.php(354): CodeIgniter\CodeIgniter->handleRequest(NULL, Object(Config\Cache), false)
#10 C:\xampp\htdocs\ISW-613\framework\codeigniter4-framework-v4.6.3-0-g68d1a58\codeigniter4-framework-68d1a58\system\Boot.php(363): CodeIgniter\CodeIgniter->run()
#11 C:\xampp\htdocs\ISW-613\framework\codeigniter4-framework-v4.6.3-0-g68d1a58\codeigniter4-framework-68d1a58\system\Boot.php(68): CodeIgniter\Boot::runCodeIgniter(Object(CodeIgniter\CodeIgniter))
#12 C:\xampp\htdocs\ISW-613\framework\codeigniter4-framework-v4.6.3-0-g68d1a58\codeigniter4-framework-68d1a58\public\index.php(59): CodeIgniter\Boot::bootWeb(Object(Config\Paths))
#13 {main}

Next CodeIgniter\Database\Exceptions\DatabaseException: No se puede establecer una conexión ya que el equipo de destino denegó expresamente dicha conexión in C:\xampp\htdocs\ISW-613\framework\codeigniter4-framework-v4.6.3-0-g68d1a58\codeigniter4-framework-68d1a58\system\Database\MySQLi\Connection.php:246
Stack trace:
#0 C:\xampp\htdocs\ISW-613\framework\codeigniter4-framework-v4.6.3-0-g68d1a58\codeigniter4-framework-68d1a58\system\Database\BaseConnection.php(419): CodeIgniter\Database\MySQLi\Connection->connect(false)
#1 C:\xampp\htdocs\ISW-613\framework\codeigniter4-framework-v4.6.3-0-g68d1a58\codeigniter4-framework-68d1a58\system\Database\BaseConnection.php(614): CodeIgniter\Database\BaseConnection->initialize()
#2 C:\xampp\htdocs\ISW-613\framework\codeigniter4-framework-v4.6.3-0-g68d1a58\codeigniter4-framework-68d1a58\system\Database\BaseBuilder.php(1649): CodeIgniter\Database\BaseConnection->query('SELECT *\nFROM `...', Array, false)
#3 C:\xampp\htdocs\ISW-613\framework\codeigniter4-framework-v4.6.3-0-g68d1a58\codeigniter4-framework-68d1a58\system\Model.php(286): CodeIgniter\Database\BaseBuilder->get()
#4 C:\xampp\htdocs\ISW-613\framework\codeigniter4-framework-v4.6.3-0-g68d1a58\codeigniter4-framework-68d1a58\system\BaseModel.php(677): CodeIgniter\Model->doFindAll(0, 0)
#5 C:\xampp\htdocs\ISW-613\framework\codeigniter4-framework-v4.6.3-0-g68d1a58\codeigniter4-framework-68d1a58\app\Controllers\User.php(13): CodeIgniter\BaseModel->findAll()
#6 C:\xampp\htdocs\ISW-613\framework\codeigniter4-framework-v4.6.3-0-g68d1a58\codeigniter4-framework-68d1a58\system\CodeIgniter.php(933): App\Controllers\User->index()
#7 C:\xampp\htdocs\ISW-613\framework\codeigniter4-framework-v4.6.3-0-g68d1a58\codeigniter4-framework-68d1a58\system\CodeIgniter.php(507): CodeIgniter\CodeIgniter->runController(Object(App\Controllers\User))
#8 C:\xampp\htdocs\ISW-613\framework\codeigniter4-framework-v4.6.3-0-g68d1a58\codeigniter4-framework-68d1a58\system\CodeIgniter.php(354): CodeIgniter\CodeIgniter->handleRequest(NULL, Object(Config\Cache), false)
#9 C:\xampp\htdocs\ISW-613\framework\codeigniter4-framework-v4.6.3-0-g68d1a58\codeigniter4-framework-68d1a58\system\Boot.php(363): CodeIgniter\CodeIgniter->run()
#10 C:\xampp\htdocs\ISW-613\framework\codeigniter4-framework-v4.6.3-0-g68d1a58\codeigniter4-framework-68d1a58\system\Boot.php(68): CodeIgniter\Boot::runCodeIgniter(Object(CodeIgniter\CodeIgniter))
#11 C:\xampp\htdocs\ISW-613\framework\codeigniter4-framework-v4.6.3-0-g68d1a58\codeigniter4-framework-68d1a58\public\index.php(59): CodeIgniter\Boot::bootWeb(Object(Config\Paths))
#12 {main}
CRITICAL - 2025-11-18 15:20:47 --> CodeIgniter\Database\Exceptions\DatabaseException: Unable to connect to the database.
Main connection [MySQLi]: No se puede establecer una conexión ya que el equipo de destino denegó expresamente dicha conexión
[Method: GET, Route: users]
in SYSTEMPATH\Database\BaseConnection.php on line 465.
 1 SYSTEMPATH\Database\BaseConnection.php(614): CodeIgniter\Database\BaseConnection->initialize()
 2 SYSTEMPATH\Database\BaseBuilder.php(1649): CodeIgniter\Database\BaseConnection->query('SELECT *
FROM `users`', [], false)
 3 SYSTEMPATH\Model.php(286): CodeIgniter\Database\BaseBuilder->get()
 4 SYSTEMPATH\BaseModel.php(677): CodeIgniter\Model->doFindAll(0, 0)
 5 APPPATH\Controllers\User.php(13): CodeIgniter\BaseModel->findAll()
 6 SYSTEMPATH\CodeIgniter.php(933): App\Controllers\User->index()
 7 SYSTEMPATH\CodeIgniter.php(507): CodeIgniter\CodeIgniter->runController(Object(App\Controllers\User))
 8 SYSTEMPATH\CodeIgniter.php(354): CodeIgniter\CodeIgniter->handleRequest(null, Object(Config\Cache), false)
 9 SYSTEMPATH\Boot.php(363): CodeIgniter\CodeIgniter->run()
10 SYSTEMPATH\Boot.php(68): CodeIgniter\Boot::runCodeIgniter(Object(CodeIgniter\CodeIgniter))
11 FCPATH\index.php(59): CodeIgniter\Boot::bootWeb(Object(Config\Paths))
CRITICAL - 2025-11-18 15:24:03 --> ErrorException: Undefined array key "email"
[Method: GET, Route: users]
in APPPATH\Views\users\index.php on line 12.
 1 APPPATH\Views\users\index.php(12): CodeIgniter\Debug\Exceptions->errorHandler(2, 'Undefined array key "email"', 'C:\\xampp\\htdocs\\ISW-613\\framework\\codeigniter4-framework-v4.6.3-0-g68d1a58\\codeigniter4-framework-68d1a58\\app\\Views\\users\\index.php', 12)
 2 SYSTEMPATH\View\View.php(226): include('C:\\xampp\\htdocs\\ISW-613\\framework\\codeigniter4-framework-v4.6.3-0-g68d1a58\\codeigniter4-framework-68d1a58\\app\\Views\\users\\index.php')
 3 SYSTEMPATH\View\View.php(229): CodeIgniter\View\View->CodeIgniter\View\{closure}()
 4 SYSTEMPATH\Common.php(1167): CodeIgniter\View\View->render('users/index', [], true)
 5 APPPATH\Controllers\User.php(14): view('users/index', [...])
 6 SYSTEMPATH\CodeIgniter.php(933): App\Controllers\User->index()
 7 SYSTEMPATH\CodeIgniter.php(507): CodeIgniter\CodeIgniter->runController(Object(App\Controllers\User))
 8 SYSTEMPATH\CodeIgniter.php(354): CodeIgniter\CodeIgniter->handleRequest(null, Object(Config\Cache), false)
 9 SYSTEMPATH\Boot.php(363): CodeIgniter\CodeIgniter->run()
10 SYSTEMPATH\Boot.php(68): CodeIgniter\Boot::runCodeIgniter(Object(CodeIgniter\CodeIgniter))
11 FCPATH\index.php(59): CodeIgniter\Boot::bootWeb(Object(Config\Paths))
CRITICAL - 2025-11-18 15:25:39 --> ErrorException: Undefined array key "email"
[Method: GET, Route: users]
in APPPATH\Views\users\index.php on line 12.
 1 APPPATH\Views\users\index.php(12): CodeIgniter\Debug\Exceptions->errorHandler(2, 'Undefined array key "email"', 'C:\\xampp\\htdocs\\ISW-613\\framework\\codeigniter4-framework-v4.6.3-0-g68d1a58\\codeigniter4-framework-68d1a58\\app\\Views\\users\\index.php', 12)
 2 SYSTEMPATH\View\View.php(226): include('C:\\xampp\\htdocs\\ISW-613\\framework\\codeigniter4-framework-v4.6.3-0-g68d1a58\\codeigniter4-framework-68d1a58\\app\\Views\\users\\index.php')
 3 SYSTEMPATH\View\View.php(229): CodeIgniter\View\View->CodeIgniter\View\{closure}()
 4 SYSTEMPATH\Common.php(1167): CodeIgniter\View\View->render('users/index', [], true)
 5 APPPATH\Controllers\User.php(14): view('users/index', [...])
 6 SYSTEMPATH\CodeIgniter.php(933): App\Controllers\User->index()
 7 SYSTEMPATH\CodeIgniter.php(507): CodeIgniter\CodeIgniter->runController(Object(App\Controllers\User))
 8 SYSTEMPATH\CodeIgniter.php(354): CodeIgniter\CodeIgniter->handleRequest(null, Object(Config\Cache), false)
 9 SYSTEMPATH\Boot.php(363): CodeIgniter\CodeIgniter->run()
10 SYSTEMPATH\Boot.php(68): CodeIgniter\Boot::runCodeIgniter(Object(CodeIgniter\CodeIgniter))
11 FCPATH\index.php(59): CodeIgniter\Boot::bootWeb(Object(Config\Paths))
CRITICAL - 2025-11-18 15:26:37 --> ErrorException: Undefined array key "email"
[Method: GET, Route: users]
in APPPATH\Views\users\index.php on line 12.
 1 APPPATH\Views\users\index.php(12): CodeIgniter\Debug\Exceptions->errorHandler(2, 'Undefined array key "email"', 'C:\\xampp\\htdocs\\ISW-613\\framework\\codeigniter4-framework-v4.6.3-0-g68d1a58\\codeigniter4-framework-68d1a58\\app\\Views\\users\\index.php', 12)
 2 SYSTEMPATH\View\View.php(226): include('C:\\xampp\\htdocs\\ISW-613\\framework\\codeigniter4-framework-v4.6.3-0-g68d1a58\\codeigniter4-framework-68d1a58\\app\\Views\\users\\index.php')
 3 SYSTEMPATH\View\View.php(229): CodeIgniter\View\View->CodeIgniter\View\{closure}()
 4 SYSTEMPATH\Common.php(1167): CodeIgniter\View\View->render('users/index', [], true)
 5 APPPATH\Controllers\User.php(14): view('users/index', [...])
 6 SYSTEMPATH\CodeIgniter.php(933): App\Controllers\User->index()
 7 SYSTEMPATH\CodeIgniter.php(507): CodeIgniter\CodeIgniter->runController(Object(App\Controllers\User))
 8 SYSTEMPATH\CodeIgniter.php(354): CodeIgniter\CodeIgniter->handleRequest(null, Object(Config\Cache), false)
 9 SYSTEMPATH\Boot.php(363): CodeIgniter\CodeIgniter->run()
10 SYSTEMPATH\Boot.php(68): CodeIgniter\Boot::runCodeIgniter(Object(CodeIgniter\CodeIgniter))
11 FCPATH\index.php(59): CodeIgniter\Boot::bootWeb(Object(Config\Paths))
CRITICAL - 2025-11-18 15:27:10 --> ErrorException: Undefined array key "id"
[Method: GET, Route: users]
in APPPATH\Views\users\index.php on line 13.
 1 APPPATH\Views\users\index.php(13): CodeIgniter\Debug\Exceptions->errorHandler(2, 'Undefined array key "id"', 'C:\\xampp\\htdocs\\ISW-613\\framework\\codeigniter4-framework-v4.6.3-0-g68d1a58\\codeigniter4-framework-68d1a58\\app\\Views\\users\\index.php', 13)
 2 SYSTEMPATH\View\View.php(226): include('C:\\xampp\\htdocs\\ISW-613\\framework\\codeigniter4-framework-v4.6.3-0-g68d1a58\\codeigniter4-framework-68d1a58\\app\\Views\\users\\index.php')
 3 SYSTEMPATH\View\View.php(229): CodeIgniter\View\View->CodeIgniter\View\{closure}()
 4 SYSTEMPATH\Common.php(1167): CodeIgniter\View\View->render('users/index', [], true)
 5 APPPATH\Controllers\User.php(14): view('users/index', [...])
 6 SYSTEMPATH\CodeIgniter.php(933): App\Controllers\User->index()
 7 SYSTEMPATH\CodeIgniter.php(507): CodeIgniter\CodeIgniter->runController(Object(App\Controllers\User))
 8 SYSTEMPATH\CodeIgniter.php(354): CodeIgniter\CodeIgniter->handleRequest(null, Object(Config\Cache), false)
 9 SYSTEMPATH\Boot.php(363): CodeIgniter\CodeIgniter->run()
10 SYSTEMPATH\Boot.php(68): CodeIgniter\Boot::runCodeIgniter(Object(CodeIgniter\CodeIgniter))
11 FCPATH\index.php(59): CodeIgniter\Boot::bootWeb(Object(Config\Paths))
CRITICAL - 2025-11-18 15:27:11 --> ErrorException: Undefined array key "id"
[Method: GET, Route: users]
in APPPATH\Views\users\index.php on line 13.
 1 APPPATH\Views\users\index.php(13): CodeIgniter\Debug\Exceptions->errorHandler(2, 'Undefined array key "id"', 'C:\\xampp\\htdocs\\ISW-613\\framework\\codeigniter4-framework-v4.6.3-0-g68d1a58\\codeigniter4-framework-68d1a58\\app\\Views\\users\\index.php', 13)
 2 SYSTEMPATH\View\View.php(226): include('C:\\xampp\\htdocs\\ISW-613\\framework\\codeigniter4-framework-v4.6.3-0-g68d1a58\\codeigniter4-framework-68d1a58\\app\\Views\\users\\index.php')
 3 SYSTEMPATH\View\View.php(229): CodeIgniter\View\View->CodeIgniter\View\{closure}()
 4 SYSTEMPATH\Common.php(1167): CodeIgniter\View\View->render('users/index', [], true)
 5 APPPATH\Controllers\User.php(14): view('users/index', [...])
 6 SYSTEMPATH\CodeIgniter.php(933): App\Controllers\User->index()
 7 SYSTEMPATH\CodeIgniter.php(507): CodeIgniter\CodeIgniter->runController(Object(App\Controllers\User))
 8 SYSTEMPATH\CodeIgniter.php(354): CodeIgniter\CodeIgniter->handleRequest(null, Object(Config\Cache), false)
 9 SYSTEMPATH\Boot.php(363): CodeIgniter\CodeIgniter->run()
10 SYSTEMPATH\Boot.php(68): CodeIgniter\Boot::runCodeIgniter(Object(CodeIgniter\CodeIgniter))
11 FCPATH\index.php(59): CodeIgniter\Boot::bootWeb(Object(Config\Paths))
CRITICAL - 2025-11-18 16:51:42 --> Error: Class "App\Controllers\UserModel" not found
[Method: GET, Route: /]
in APPPATH\Controllers\Careers.php on line 12.
 1 SYSTEMPATH\CodeIgniter.php(933): App\Controllers\Careers->index()
 2 SYSTEMPATH\CodeIgniter.php(507): CodeIgniter\CodeIgniter->runController(Object(App\Controllers\Careers))
 3 SYSTEMPATH\CodeIgniter.php(354): CodeIgniter\CodeIgniter->handleRequest(null, Object(Config\Cache), false)
 4 SYSTEMPATH\Boot.php(363): CodeIgniter\CodeIgniter->run()
 5 SYSTEMPATH\Boot.php(68): CodeIgniter\Boot::runCodeIgniter(Object(CodeIgniter\CodeIgniter))
 6 FCPATH\index.php(59): CodeIgniter\Boot::bootWeb(Object(Config\Paths))
